#
# There is insufficient memory for the Java Runtime Environment to continue.
# Native memory allocation (malloc) failed to allocate 1583216 bytes. Error detail: Chunk::new
# Possible reasons:
#   The system is out of physical RAM or swap space
#   This process is running with CompressedOops enabled, and the Java Heap may be blocking the growth of the native heap
# Possible solutions:
#   Reduce memory load on the system
#   Increase physical memory or swap space
#   Check if swap backing store is full
#   Decrease Java heap size (-Xmx/-Xms)
#   Decrease number of Java threads
#   Decrease Java thread stack sizes (-Xss)
#   Set larger code cache with -XX:ReservedCodeCacheSize=
#   JVM is running with Zero Based Compressed Oops mode in which the Java heap is
#     placed in the first 32GB address space. The Java Heap base address is the
#     maximum limit for the native heap growth. Please use -XX:HeapBaseMinAddress
#     to set the Java Heap base and to place the Java Heap above 32GB virtual address.
# This output file may be truncated or incomplete.
#
#  Out of Memory Error (arena.cpp:191), pid=33548, tid=32032
#
# JRE version: OpenJDK Runtime Environment Microsoft-11369865 (17.0.15+6) (build 17.0.15+6-LTS)
# Java VM: OpenJDK 64-Bit Server VM Microsoft-11369865 (17.0.15+6-LTS, mixed mode, tiered, compressed oops, compressed class ptrs, g1 gc, windows-amd64)
# No core dump will be written. Minidumps are not enabled by default on client versions of Windows
#

---------------  S U M M A R Y ------------

Command Line: -Dfile.encoding=UTF-8 -Duser.country=RU -Duser.language=ru -Duser.variant net.minecraftforge.renamer.Main --input C:\Users\maska\OneDrive\Desktop\BattlefieldMC_ModFiles\build\libs\teamsystem-1.0.0.jar --output C:\Users\maska\OneDrive\Desktop\BattlefieldMC_ModFiles\build\reobfJar\output.jar --names C:\Users\maska\OneDrive\Desktop\BattlefieldMC_ModFiles\build\reobfJar\mappings.tsrg --lib C:\Users\maska\.gradle\caches\forge_gradle\deobf_dependencies\info\journeymap\journeymap-api\1.20-1.9-SNAPSHOT_mapped_official_1.20.1\journeymap-api-1.20-1.9-SNAPSHOT_mapped_official_1.20.1.jar --lib C:\Users\maska\.gradle\caches\modules-2\files-2.1\de.maxhenkel.voicechat\voicechat-api\2.4.6\3378a4cf336a1f86cf29e6d7ca2caca291e6e5c0\voicechat-api-2.4.6.jar --lib C:\Users\maska\.gradle\caches\forge_gradle\minecraft_user_repo\net\minecraftforge\forge\1.20.1-47.3.0_mapped_official_1.20.1\forge-1.20.1-47.3.0_mapped_official_1.20.1.jar --lib C:\Users\maska\.gradle\caches\forge_gradle\minecraft_repo\versions\1.20.1\client-extra.jar --lib C:\Users\maska\.gradle\caches\modules-2\files-2.1\net.minecraftforge\fmlloader\1.20.1-47.3.0\547850469c8a336b4c60cb8619f6cd421e9e5f55\fmlloader-1.20.1-47.3.0.jar --lib C:\Users\maska\.gradle\caches\modules-2\files-2.1\net.minecraftforge\JarJarSelector\0.3.19\376cc9c8ea60720cf027c01fc033de915699801c\JarJarSelector-0.3.19.jar --lib C:\Users\maska\.gradle\caches\modules-2\files-2.1\net.minecraftforge\JarJarMetadata\0.3.19\83feaa9b770e6ac0e96ee4fc23fa89325c5fe2\JarJarMetadata-0.3.19.jar --lib C:\Users\maska\.gradle\caches\modules-2\files-2.1\com.google.guava\guava\31.1-jre\60458f877d055d0c9114d9e1a2efb737b4bc282c\guava-31.1-jre.jar --lib C:\Users\maska\.gradle\caches\modules-2\files-2.1\com.google.code.findbugs\jsr305\3.0.2\25ea2e8b0c338a877313bd4672d3fe056ea78f0d\jsr305-3.0.2.jar --lib C:\Users\maska\.gradle\caches\modules-2\files-2.1\ca.weblite\java-objc-bridge\1.1\1227f9e0666314f9de41477e3ec277e542ed7f7b\java-objc-bridge-1.1.jar --lib C:\Users\maska\.gradle\caches\modules-2\files-2.1\net.minecraftforge\forgespi\7.0.1\3b4972a0cdb135853dba219be61a79b22cff1309\forgespi-7.0.1.jar --lib C:\Users\maska\.gradle\caches\modules-2\files-2.1\net.minecraftforge\mergetool\1.1.5\f3da18e12c696d35a47c82cbb2cc8b5aa15e1154\mergetool-1.1.5-api.jar --lib C:\Users\maska\.gradle\caches\modules-2\files-2.1\org.jetbrains\annotations\24.0.1\13c5c75c4206580aa4d683bffee658caae6c9f43\annotations-24.0.1.jar --lib C:\Users\maska\.gradle\caches\modules-2\files-2.1\cpw.mods\securejarhandler\2.1.10\51e6a22c6c716beb11e244bf5b8be480f51dd6b5\securejarhandler-2.1.10.jar --lib C:\Users\maska\.gradle\caches\modules-2\files-2.1\net.minecraftforge\coremods\5.1.6\62fab3c3d59d37f8e15af311cb638c6f6123423\coremods-5.1.6.jar --lib C:\Users\maska\.gradle\caches\modules-2\files-2.1\cpw.mods\modlauncher\10.0.9\6d9443f56f50bb85cea383686ff9c867391458b\modlauncher-10.0.9.jar --lib C:\Users\maska\.gradle\caches\modules-2\files-2.1\org.openjdk.nashorn\nashorn-core\15.3\43977e804697048fc8d81d333a36c17d07a5b3dd\nashorn-core-15.3.jar --lib C:\Users\maska\.gradle\caches\modules-2\files-2.1\org.ow2.asm\asm-commons\9.7\e86dda4696d3c185fcc95d8d311904e7ce38a53f\asm-commons-9.7.jar --lib C:\Users\maska\.gradle\caches\modules-2\files-2.1\org.ow2.asm\asm-util\9.7\c0655519f24d92af2202cb681cd7c1569df6ead6\asm-util-9.7.jar --lib C:\Users\maska\.gradle\caches\modules-2\files-2.1\org.ow2.asm\asm-analysis\9.7\e4a258b7eb96107106c0599f0061cfc1832fe07a\asm-analysis-9.7.jar --lib C:\Users\maska\.gradle\caches\modules-2\files-2.1\org.ow2.asm\asm-tree\9.7\e446a17b175bfb733b87c5c2560ccb4e57d69f1a\asm-tree-9.7.jar --lib C:\Users\maska\.gradle\caches\modules-2\files-2.1\org.ow2.asm\asm\9.7\73d7b3086e14beb604ced229c302feff6449723\asm-9.7.jar --lib C:\Users\maska\.gradle\caches\modules-2\files-2.1\net.minecraftforge\accesstransformers\8.0.4\272d240aa73f42195b2a68e2ebd8b701ecf41f63\accesstransformers-8.0.4.jar --lib C:\Users\maska\.gradle\caches\modules-2\files-2.1\org.antlr\antlr4\4.9.1\e92af8ab33e428461927b484e90bb155a4f3a052\antlr4-4.9.1.jar --lib C:\Users\maska\.gradle\caches\modules-2\files-2.1\org.antlr\antlr4-runtime\4.9.1\428664f05d2b7f7b7610204b5aa7c1763f62011a\antlr4-runtime-4.9.1.jar --lib C:\Users\maska\.gradle\caches\modules-2\files-2.1\net.minecraftforge\fmlcore\1.20.1-47.3.0\3b6be96aba3e323f3c918e8ef6a96312d82d76ad\fmlcore-1.20.1-47.3.0.jar --lib C:\Users\maska\.gradle\caches\modules-2\files-2.1\net.minecraftforge\eventbus\6.0.5\699143dd438431d06b57416944f7cedbe52e1475\eventbus-6.0.5.jar --lib C:\Users\maska\.gradle\caches\modules-2\files-2.1\net.minecraftforge\unsafe\0.2.0\54d7a0a5e8fdb71b973025caa46f341ae5904f39\unsafe-0.2.0.jar --lib C:\Users\maska\.gradle\caches\modules-2\files-2.1\com.electronwill.night-config\toml\3.6.4\51d6cefb2b55ee55ee26b16391212fb2c7dfb4f4\toml-3.6.4.jar --lib C:\Users\maska\.gradle\caches\modules-2\files-2.1\com.electronwill.night-config\core\3.6.4\510f174abbf1c947494db50ef2445683bd52c230\core-3.6.4.jar --lib C:\Users\maska\.gradle\caches\modules-2\files-2.1\org.apache.maven\maven-artifact\3.8.5\4433f50c07debefaed0553bd0068f4f48d449313\maven-artifact-3.8.5.jar --lib C:\Users\maska\.gradle\caches\modules-2\files-2.1\net.jodah\typetools\0.6.3\a01aaa6ddaea9ec07ec4f209487b7a46a526283a\typetools-0.6.3.jar --lib C:\Users\maska\.gradle\caches\modules-2\files-2.1\net.minecrell\terminalconsoleappender\1.2.0\96d02cd3b384ff015a8fef4223bcb4ccf1717c95\terminalconsoleappender-1.2.0.jar --lib C:\Users\maska\.gradle\caches\modules-2\files-2.1\org.jline\jline-reader\3.12.1\4382ab1382c7b6f379377ed5f665dc2f6e1218bc\jline-reader-3.12.1.jar --lib C:\Users\maska\.gradle\caches\modules-2\files-2.1\org.jline\jline-terminal\3.12.1\c777448314e050d980a6b697c140f3bfe9eb7416\jline-terminal-3.12.1.jar --lib C:\Users\maska\.gradle\caches\modules-2\files-2.1\org.spongepowered\mixin\0.8.5\9d1c0c3a304ae6697ecd477218fa61b850bf57fc\mixin-0.8.5.jar --lib C:\Users\maska\.gradle\caches\modules-2\files-2.1\cpw.mods\bootstraplauncher\1.1.2\c546e00443d8432cda6baa1c860346980742628\bootstraplauncher-1.1.2.jar --lib C:\Users\maska\.gradle\caches\modules-2\files-2.1\net.minecraftforge\JarJarFileSystems\0.3.19\2464eb7d6b9ddb9db36a82cf8a95193e5c6fe020\JarJarFileSystems-0.3.19.jar --lib C:\Users\maska\.gradle\caches\modules-2\files-2.1\net.minecraftforge\fmlearlydisplay\1.20.1-47.3.0\91e33682894f35862e9ce29d633e3258120952f0\fmlearlydisplay-1.20.1-47.3.0.jar --lib C:\Users\maska\.gradle\caches\modules-2\files-2.1\net.minecraftforge\javafmllanguage\1.20.1-47.3.0\d7ebc62120f202109e300e084ca1a31a7b946a62\javafmllanguage-1.20.1-47.3.0.jar --lib C:\Users\maska\.gradle\caches\modules-2\files-2.1\net.minecraftforge\lowcodelanguage\1.20.1-47.3.0\1bf3e845ea0ce750096da8c71c8364b188ab74d4\lowcodelanguage-1.20.1-47.3.0.jar --lib C:\Users\maska\.gradle\caches\modules-2\files-2.1\net.minecraftforge\mclanguage\1.20.1-47.3.0\6093682e943ddccbabf70539319d7f2fe64db2e7\mclanguage-1.20.1-47.3.0.jar --lib C:\Users\maska\.gradle\caches\modules-2\files-2.1\com.github.oshi\oshi-core\6.2.2\54f5efc19bca95d709d9a37d19ffcbba3d21c1a6\oshi-core-6.2.2.jar --lib C:\Users\maska\.gradle\caches\modules-2\files-2.1\com.google.code.gson\gson\2.10\dd9b193aef96e973d5a11ab13cd17430c2e4306b\gson-2.10.jar --lib C:\Users\maska\.gradle\caches\modules-2\files-2.1\com.google.guava\failureaccess\1.0.1\1dcf1de382a0bf95a3d8b0849546c88bac1292c9\failureaccess-1.0.1.jar --lib C:\Users\maska\.gradle\caches\modules-2\files-2.1\com.ibm.icu\icu4j\71.1\9e7d3304c23f9ba5cb71915f7cce23231a57a445\icu4j-71.1.jar --lib C:\Users\maska\.gradle\caches\modules-2\files-2.1\com.mojang\authlib\4.0.43\2ff9d747a77570a07a60d32ac77eb6162ad2a2d9\authlib-4.0.43.jar --lib C:\Users\maska\.gradle\caches\modules-2\files-2.1\com.mojang\blocklist\1.0.10\5c685c5ffa94c4cd39496c7184c1d122e515ecef\blocklist-1.0.10.jar --lib C:\Users\maska\.gradle\caches\modules-2\files-2.1\com.mojang\brigadier\1.1.8\5244ce82c3337bba4a196a3ce858bfaecc74404a\brigadier-1.1.8.jar --lib C:\Users\maska\.gradle\caches\modules-2\files-2.1\com.mojang\datafixerupper\6.0.8\3ba4a30557a9b057760af4011f909ba619fc5125\datafixerupper-6.0.8.jar --lib C:\Users\maska\.gradle\caches\modules-2\files-2.1\com.mojang\logging\1.1.1\832b8e6674a9b325a5175a3a6267dfaf34c85139\logging-1.1.1.jar --lib C:\Users\maska\.gradle\caches\modules-2\files-2.1\com.mojang\patchy\2.2.10\da05971b07cbb379d002cf7eaec6a2048211fefc\patchy-2.2.10.jar --lib C:\Users\maska\.gradle\caches\modules-2\files-2.1\com.mojang\text2speech\1.17.9\3cad216e3a7f0c19b4b394388bc9ffc446f13b14\text2speech-1.17.9.jar --lib C:\Users\maska\.gradle\caches\modules-2\files-2.1\org.apache.httpcomponents\httpclient\4.5.13\e5f6cae5ca7ecaac1ec2827a9e2d65ae2869cada\httpclient-4.5.13.jar --lib C:\Users\maska\.gradle\caches\modules-2\files-2.1\commons-codec\commons-codec\1.15\49d94806b6e3dc933dacbd8acb0fdbab8ebd1e5d\commons-codec-1.15.jar --lib C:\Users\maska\.gradle\caches\modules-2\files-2.1\commons-io\commons-io\2.11.0\a2503f302b11ebde7ebc3df41daebe0e4eea3689\commons-io-2.11.0.jar --lib C:\Users\maska\.gradle\caches\modules-2\files-2.1\commons-logging\commons-logging\1.2\4bfc12adfe4842bf07b657f0369c4cb522955686\commons-logging-1.2.jar --lib C:\Users\maska\.gradle\caches\modules-2\files-2.1\io.netty\netty-handler\4.1.82.Final\644041d1fa96a5d3130a29e8978630d716d76e38\netty-handler-4.1.82.Final.jar --lib C:\Users\maska\.gradle\caches\modules-2\files-2.1\io.netty\netty-codec\4.1.82.Final\b77200379acb345a9ffdece1c605e591ac3e4e0a\netty-codec-4.1.82.Final.jar --lib C:\Users\maska\.gradle\caches\modules-2\files-2.1\io.netty\netty-transport-classes-epoll\4.1.82.Final\e7c7dd18deac93105797f30057c912651ea76521\netty-transport-classes-epoll-4.1.82.Final.jar --lib C:\Users\maska\.gradle\caches\modules-2\files-2.1\io.netty\netty-transport-native-unix-common\4.1.82.Final\3e895b35ca1b8a0eca56cacff4c2dde5d2c6abce\netty-transport-native-unix-common-4.1.82.Final.jar --lib C:\Users\maska\.gradle\caches\modules-2\files-2.1\io.netty\netty-transport\4.1.82.Final\e431a218d91acb6476ccad5f5aafde50aa3945ca\netty-transport-4.1.82.Final.jar --lib C:\Users\maska\.gradle\caches\modules-2\files-2.1\io.netty\netty-buffer\4.1.82.Final\a544270cf1ae8b8077082f5036436a9a9971ea71\netty-buffer-4.1.82.Final.jar --lib C:\Users\maska\.gradle\caches\modules-2\files-2.1\io.netty\netty-resolver\4.1.82.Final\38f665ae8dcd29032eea31245ba7806bed2e0fa8\netty-resolver-4.1.82.Final.jar --lib C:\Users\maska\.gradle\caches\modules-2\files-2.1\io.netty\netty-common\4.1.82.Final\22d148e85c3f5ebdacc0ce1f5aabb1d420f73f3\netty-common-4.1.82.Final.jar --lib C:\Users\maska\.gradle\caches\modules-2\files-2.1\it.unimi.dsi\fastutil\8.5.9\bb7ea75ecdb216654237830b3a96d87ad91f8cc5\fastutil-8.5.9.jar --lib C:\Users\maska\.gradle\caches\modules-2\files-2.1\net.java.dev.jna\jna-platform\5.12.1\97406a297c852f4a41e688a176ec675f72e8329\jna-platform-5.12.1.jar --lib C:\Users\maska\.gradle\caches\modules-2\files-2.1\net.java.dev.jna\jna\5.12.1\b1e93a735caea94f503e95e6fe79bf9cdc1e985d\jna-5.12.1.jar --lib C:\Users\maska\.gradle\caches\modules-2\files-2.1\net.sf.jopt-simple\jopt-simple\5.0.4\4fdac2fbe92dfad86aa6e9301736f6b4342a3f5c\jopt-simple-5.0.4.jar --lib C:\Users\maska\.gradle\caches\modules-2\files-2.1\org.apache.commons\commons-compress\1.21\4ec95b60d4e86b5c95a0e919cb172a0af98011ef\commons-compress-1.21.jar --lib C:\Users\maska\.gradle\caches\modules-2\files-2.1\org.apache.commons\commons-lang3\3.12.0\c6842c86792ff03b9f1d1fe2aab8dc23aa6c6f0e\commons-lang3-3.12.0.jar --lib C:\Users\maska\.gradle\caches\modules-2\files-2.1\org.apache.httpcomponents\httpcore\4.4.15\7f2e0c573eaa7a74bac2e89b359e1f73d92a0a1d\httpcore-4.4.15.jar --lib C:\Users\maska\.gradle\caches\modules-2\files-2.1\org.apache.logging.log4j\log4j-core\2.19.0\3b6eeb4de4c49c0fe38a4ee27188ff5fee44d0bb\log4j-core-2.19.0.jar --lib C:\Users\maska\.gradle\caches\modules-2\files-2.1\org.apache.logging.log4j\log4j-slf4j2-impl\2.19.0\5c04bfdd63ce9dceb2e284b81e96b6a70010ee10\log4j-slf4j2-impl-2.19.0.jar --lib C:\Users\maska\.gradle\caches\modules-2\files-2.1\org.apache.logging.log4j\log4j-api\2.19.0\ea1b37f38c327596b216542bc636cfdc0b8036fa\log4j-api-2.19.0.jar --lib C:\Users\maska\.gradle\caches\modules-2\files-2.1\org.joml\joml\1.10.5\22566d58af70ad3d72308bab63b8339906deb649\joml-1.10.5.jar --lib C:\Users\maska\.gradle\caches\modules-2\files-2.1\org.lwjgl\lwjgl-glfw\3.3.1\cbac1b8d30cb4795149c1ef540f912671a8616d0\lwjgl-glfw-3.3.1.jar --lib C:\Users\maska\.gradle\caches\modules-2\files-2.1\org.lwjgl\lwjgl-glfw\3.3.1\ed892f945cf7e79c8756796f32d00fa4ceaf573b\lwjgl-glfw-3.3.1-natives-windows.jar --lib C:\Users\maska\.gradle\caches\modules-2\files-2.1\org.lwjgl\lwjgl-glfw\3.3.1\beda65ee503443e60aa196d58ed31f8d001dc22a\lwjgl-glfw-3.3.1-natives-windows-arm64.jar --lib C:\Users\maska\.gradle\caches\modules-2\files-2.1\org.lwjgl\lwjgl-glfw\3.3.1\b997e3391d6ce8f05487e7335d95c606043884a1\lwjgl-glfw-3.3.1-natives-windows-x86.jar --lib C:\Users\maska\.gradle\caches\modules-2\files-2.1\org.lwjgl\lwjgl-jemalloc\3.3.1\a817bcf213db49f710603677457567c37d53e103\lwjgl-jemalloc-3.3.1.jar --lib C:\Users\maska\.gradle\caches\modules-2\files-2.1\org.lwjgl\lwjgl-jemalloc\3.3.1\948a89b76a16aa324b046ae9308891216ffce5f9\lwjgl-jemalloc-3.3.1-natives-windows.jar --lib C:\Users\maska\.gradle\caches\modules-2\files-2.1\org.lwjgl\lwjgl-jemalloc\3.3.1\cae85c4edb219c88b6a0c26a87955ad98dc9519d\lwjgl-jemalloc-3.3.1-natives-windows-arm64.jar --lib C:\Users\maska\.gradle\caches\modules-2\files-2.1\org.lwjgl\lwjgl-jemalloc\3.3.1\fb476c8ec110e1c137ad3ce8a7f7bfe6b11c6324\lwjgl-jemalloc-3.3.1-natives-windows-x86.jar --lib C:\Users\maska\.gradle\caches\modules-2\files-2.1\org.lwjgl\lwjgl-openal\3.3.1\2623a6b8ae1dfcd880738656a9f0243d2e6840bd\lwjgl-openal-3.3.1.jar --lib C:\Users\maska\.gradle\caches\modules-2\files-2.1\org.lwjgl\lwjgl-openal\3.3.1\30a474d0e57193d7bc128849a3ab66bc9316fdb1\lwjgl-openal-3.3.1-natives-windows.jar --lib C:\Users\maska\.gradle\caches\modules-2\files-2.1\org.lwjgl\lwjgl-openal\3.3.1\40d65f1a7368a2aa47336f9cb69f5a190cf9975a\lwjgl-openal-3.3.1-natives-windows-arm64.jar --lib C:\Users\maska\.gradle\caches\modules-2\files-2.1\org.lwjgl\lwjgl-openal\3.3.1\888349f7b1be6fbae58bf8edfb9ef12def04c4e3\lwjgl-openal-3.3.1-natives-windows-x86.jar --lib C:\Users\maska\.gradle\caches\modules-2\files-2.1\org.lwjgl\lwjgl-opengl\3.3.1\831a5533a21a5f4f81bbc51bb13e9899319b5411\lwjgl-opengl-3.3.1.jar --lib C:\Users\maska\.gradle\caches\modules-2\files-2.1\org.lwjgl\lwjgl-opengl\3.3.1\c1807e9bd571402787d7e37e3029776ae2513bb8\lwjgl-opengl-3.3.1-natives-windows.jar --lib C:\Users\maska\.gradle\caches\modules-2\files-2.1\org.lwjgl\lwjgl-opengl\3.3.1\527d78f1e9056aff3ed02ce93019c73c5e8f1721\lwjgl-opengl-3.3.1-natives-windows-arm64.jar --lib C:\Users\maska\.gradle\caches\modules-2\files-2.1\org.lwjgl\lwjgl-opengl\3.3.1\deef3eb9b178ff2ff3ce893cc72ae741c3a17974\lwjgl-opengl-3.3.1-natives-windows-x86.jar --lib C:\Users\maska\.gradle\caches\modules-2\files-2.1\org.lwjgl\lwjgl-stb\3.3.1\b119297cf8ed01f247abe8685857f8e7fcf5980f\lwjgl-stb-3.3.1.jar --lib C:\Users\maska\.gradle\caches\modules-2\files-2.1\org.lwjgl\lwjgl-stb\3.3.1\86315914ac119efdb02dc9e8e978ade84f1702af\lwjgl-stb-3.3.1-natives-windows.jar --lib C:\Users\maska\.gradle\caches\modules-2\files-2.1\org.lwjgl\lwjgl-stb\3.3.1\fde63cdd2605c00636721a6c8b961e41d1f6b247\lwjgl-stb-3.3.1-natives-windows-arm64.jar --lib C:\Users\maska\.gradle\caches\modules-2\files-2.1\org.lwjgl\lwjgl-stb\3.3.1\a8d41f419eecb430b7c91ea2ce2c5c451cae2091\lwjgl-stb-3.3.1-natives-windows-x86.jar --lib C:\Users\maska\.gradle\caches\modules-2\files-2.1\org.lwjgl\lwjgl-tinyfd\3.3.1\ff1914111ef2e3e0110ef2dabc8d8cdaad82347\lwjgl-tinyfd-3.3.1.jar --lib C:\Users\maska\.gradle\caches\modules-2\files-2.1\org.lwjgl\lwjgl-tinyfd\3.3.1\a5d830475ec0958d9fdba1559efa99aef211e6ff\lwjgl-tinyfd-3.3.1-natives-windows.jar --lib C:\Users\maska\.gradle\caches\modules-2\files-2.1\org.lwjgl\lwjgl-tinyfd\3.3.1\83a5e780df610829ff3a737822b4f931cffecd91\lwjgl-tinyfd-3.3.1-natives-windows-arm64.jar --lib C:\Users\maska\.gradle\caches\modules-2\files-2.1\org.lwjgl\lwjgl-tinyfd\3.3.1\842eedd876fae354abc308c98a263f6bbc9e8a4d\lwjgl-tinyfd-3.3.1-natives-windows-x86.jar --lib C:\Users\maska\.gradle\caches\modules-2\files-2.1\org.lwjgl\lwjgl\3.3.1\ae58664f88e18a9bb2c77b063833ca7aaec484cb\lwjgl-3.3.1.jar --lib C:\Users\maska\.gradle\caches\modules-2\files-2.1\org.lwjgl\lwjgl\3.3.1\36c37f16ab611b3aa11f3bcf80b1d509b4ce6b\lwjgl-3.3.1-natives-windows.jar --lib C:\Users\maska\.gradle\caches\modules-2\files-2.1\org.lwjgl\lwjgl\3.3.1\f46cadcf95675908fd3a550d63d9d709cb68998\lwjgl-3.3.1-natives-windows-arm64.jar --lib C:\Users\maska\.gradle\caches\modules-2\files-2.1\org.lwjgl\lwjgl\3.3.1\3b14f4beae9dd39791ec9e12190a9380cd8a3ce6\lwjgl-3.3.1-natives-windows-x86.jar --lib C:\Users\maska\.gradle\caches\modules-2\files-2.1\com.machinezoo.noexception\noexception\1.7.1\b65330c98e38a1f915fa54a6e5eca496505e3f0a\noexception-1.7.1.jar --lib C:\Users\maska\.gradle\caches\modules-2\files-2.1\org.slf4j\slf4j-api\2.0.1\f48d81adce2abf5ad3cfe463df517952749e03bc\slf4j-api-2.0.1.jar --lib C:\Users\maska\.gradle\caches\modules-2\files-2.1\org.codehaus.plexus\plexus-utils\3.3.0\cf43b5391de623b36fe066a21127baef82c64022\plexus-utils-3.3.0.jar --lib C:\Users\maska\.gradle\caches\modules-2\files-2.1\com.google.guava\listenablefuture\9999.0-empty-to-avoid-conflict-with-guava\b421526c5f297295adef1c886e5246c39d4ac629\listenablefuture-9999.0-empty-to-avoid-conflict-with-guava.jar --lib C:\Users\maska\.gradle\caches\modules-2\files-2.1\org.checkerframework\checker-qual\3.12.0\d5692f0526415fcc6de94bb5bfbd3afd9dd3b3e5\checker-qual-3.12.0.jar --lib C:\Users\maska\.gradle\caches\modules-2\files-2.1\com.google.errorprone\error_prone_annotations\2.11.0\c5a0ace696d3f8b1c1d8cc036d8c03cc0cbe6b69\error_prone_annotations-2.11.0.jar --lib C:\Users\maska\.gradle\caches\modules-2\files-2.1\com.google.j2objc\j2objc-annotations\1.3\ba035118bc8bac37d7eff77700720999acd9986d\j2objc-annotations-1.3.jar --lib C:\Users\maska\.gradle\caches\modules-2\files-2.1\org.antlr\ST4\4.3\92f2c1ad8d84abcbeead6cf7f2c53a04166293c2\ST4-4.3.jar --lib C:\Users\maska\.gradle\caches\modules-2\files-2.1\org.antlr\antlr-runtime\3.5.2\cd9cd41361c155f3af0f653009dcecb08d8b4afd\antlr-runtime-3.5.2.jar --lib C:\Users\maska\.gradle\caches\modules-2\files-2.1\org.abego.treelayout\org.abego.treelayout.core\1.0.3\457216e8e6578099ae63667bb1e4439235892028\org.abego.treelayout.core-1.0.3.jar --lib C:\Users\maska\.gradle\caches\modules-2\files-2.1\org.glassfish\javax.json\1.0.4\3178f73569fd7a1e5ffc464e680f7a8cc784b85a\javax.json-1.0.4.jar --disable-abstract-param

Host: AMD Ryzen 7 2700X Eight-Core Processor         , 16 cores, 15G,  Windows 11 , 64 bit Build 26100 (10.0.26100.8328)
Time: Thu May 21 14:56:24 2026  Windows 11 , 64 bit Build 26100 (10.0.26100.8328) elapsed time: 2.144107 seconds (0d 0h 0m 2s)

---------------  T H R E A D  ---------------

Current thread (0x000001cb9d107dc0):  JavaThread "C2 CompilerThread2" daemon [_thread_in_native, id=32032, stack(0x0000009970100000,0x0000009970200000)]


Current CompileTask:
C2:   2144 1079       4       java.nio.file.FileTreeIterator::fetchNextIfNeeded (65 bytes)

Stack: [0x0000009970100000,0x0000009970200000]
Native frames: (J=compiled Java code, j=interpreted, Vv=VM code, C=native code)
V  [jvm.dll+0x6887a9]
V  [jvm.dll+0x83f5a8]
V  [jvm.dll+0x841053]
V  [jvm.dll+0x8416c3]
V  [jvm.dll+0x2496ef]
V  [jvm.dll+0xad134]
V  [jvm.dll+0xad7cc]
V  [jvm.dll+0x36aedf]
V  [jvm.dll+0x335513]
V  [jvm.dll+0x3349aa]
V  [jvm.dll+0x21a908]
V  [jvm.dll+0x219d3f]
V  [jvm.dll+0x1a55f6]
V  [jvm.dll+0x22a39a]
V  [jvm.dll+0x2284db]
V  [jvm.dll+0x7f4e28]
V  [jvm.dll+0x7ef2dc]
V  [jvm.dll+0x687687]
C  [ucrtbase.dll+0x37b0]
C  [KERNEL32.DLL+0x2e957]
C  [ntdll.dll+0x427c]


---------------  P R O C E S S  ---------------

Threads class SMR info:
_java_thread_list=0x000001cb9dd10710, length=17, elements={
0x000001cbf6bb69a0, 0x000001cbff5b2500, 0x000001cbff5b3fe0, 0x000001cbff5ead20,
0x000001cbff5eb5f0, 0x000001cbff5ec2c0, 0x000001cbff5ecb90, 0x000001cbff60b1c0,
0x000001cbff60bad0, 0x000001cbff6103f0, 0x000001cbff72df60, 0x000001cbff7a3da0,
0x000001cbff7b0700, 0x000001cbff825be0, 0x000001cbff8a89e0, 0x000001cb9d107dc0,
0x000001cb9dbd1580
}

Java Threads: ( => current thread )
  0x000001cbf6bb69a0 JavaThread "main" [_thread_blocked, id=8176, stack(0x000000996eb00000,0x000000996ec00000)]
  0x000001cbff5b2500 JavaThread "Reference Handler" daemon [_thread_blocked, id=10912, stack(0x000000996f200000,0x000000996f300000)]
  0x000001cbff5b3fe0 JavaThread "Finalizer" daemon [_thread_blocked, id=25596, stack(0x000000996f300000,0x000000996f400000)]
  0x000001cbff5ead20 JavaThread "Signal Dispatcher" daemon [_thread_blocked, id=3940, stack(0x000000996f400000,0x000000996f500000)]
  0x000001cbff5eb5f0 JavaThread "Attach Listener" daemon [_thread_blocked, id=26428, stack(0x000000996f500000,0x000000996f600000)]
  0x000001cbff5ec2c0 JavaThread "Service Thread" daemon [_thread_blocked, id=33392, stack(0x000000996f600000,0x000000996f700000)]
  0x000001cbff5ecb90 JavaThread "Monitor Deflation Thread" daemon [_thread_blocked, id=12936, stack(0x000000996f700000,0x000000996f800000)]
  0x000001cbff60b1c0 JavaThread "C2 CompilerThread0" daemon [_thread_blocked, id=8744, stack(0x000000996f800000,0x000000996f900000)]
  0x000001cbff60bad0 JavaThread "C1 CompilerThread0" daemon [_thread_blocked, id=4332, stack(0x000000996f900000,0x000000996fa00000)]
  0x000001cbff6103f0 JavaThread "Sweeper thread" daemon [_thread_blocked, id=25624, stack(0x000000996fa00000,0x000000996fb00000)]
  0x000001cbff72df60 JavaThread "C1 CompilerThread1" daemon [_thread_blocked, id=24216, stack(0x000000996fb00000,0x000000996fc00000)]
  0x000001cbff7a3da0 JavaThread "Notification Thread" daemon [_thread_blocked, id=30332, stack(0x000000996fc00000,0x000000996fd00000)]
  0x000001cbff7b0700 JavaThread "Common-Cleaner" daemon [_thread_blocked, id=2476, stack(0x000000996fe00000,0x000000996ff00000)]
  0x000001cbff825be0 JavaThread "C1 CompilerThread2" daemon [_thread_blocked, id=33576, stack(0x000000996ff00000,0x0000009970000000)]
  0x000001cbff8a89e0 JavaThread "C2 CompilerThread1" daemon [_thread_blocked, id=33640, stack(0x0000009970000000,0x0000009970100000)]
=>0x000001cb9d107dc0 JavaThread "C2 CompilerThread2" daemon [_thread_in_native, id=32032, stack(0x0000009970100000,0x0000009970200000)]
  0x000001cb9dbd1580 JavaThread "C1 CompilerThread3" daemon [_thread_blocked, id=28760, stack(0x0000009971800000,0x0000009971900000)]

Other Threads:
  0x000001cbff5af520 VMThread "VM Thread" [stack: 0x000000996f100000,0x000000996f200000] [id=14948]
  0x000001cbff7a6290 WatcherThread [stack: 0x000000996fd00000,0x000000996fe00000] [id=29640]
  0x000001cbf6c23f50 GCTaskThread "GC Thread#0" [stack: 0x000000996ec00000,0x000000996ed00000] [id=11276]
  0x000001cb9d012630 GCTaskThread "GC Thread#1" [stack: 0x0000009970200000,0x0000009970300000] [id=33584]
  0x000001cb9d1b31a0 GCTaskThread "GC Thread#2" [stack: 0x0000009970300000,0x0000009970400000] [id=28224]
  0x000001cb9d1b3460 GCTaskThread "GC Thread#3" [stack: 0x0000009970400000,0x0000009970500000] [id=18784]
  0x000001cbff908030 GCTaskThread "GC Thread#4" [stack: 0x0000009970500000,0x0000009970600000] [id=5580]
  0x000001cbff9082f0 GCTaskThread "GC Thread#5" [stack: 0x0000009970600000,0x0000009970700000] [id=26140]
  0x000001cb9d74f650 GCTaskThread "GC Thread#6" [stack: 0x0000009971100000,0x0000009971200000] [id=33380]
  0x000001cb9d49b4e0 GCTaskThread "GC Thread#7" [stack: 0x0000009971200000,0x0000009971300000] [id=30964]
  0x000001cb9d7b7970 GCTaskThread "GC Thread#8" [stack: 0x0000009971300000,0x0000009971400000] [id=17344]
  0x000001cb9d18c310 GCTaskThread "GC Thread#9" [stack: 0x0000009971400000,0x0000009971500000] [id=32600]
  0x000001cb9d702800 GCTaskThread "GC Thread#10" [stack: 0x0000009971500000,0x0000009971600000] [id=1840]
  0x000001cb9d186660 GCTaskThread "GC Thread#11" [stack: 0x0000009971600000,0x0000009971700000] [id=23272]
  0x000001cb9d187930 GCTaskThread "GC Thread#12" [stack: 0x0000009971700000,0x0000009971800000] [id=4884]
  0x000001cbf6c35940 ConcurrentGCThread "G1 Main Marker" [stack: 0x000000996ed00000,0x000000996ee00000] [id=29280]
  0x000001cbf6c36a10 ConcurrentGCThread "G1 Conc#0" [stack: 0x000000996ee00000,0x000000996ef00000] [id=21096]
  0x000001cbf6c3e9d0 ConcurrentGCThread "G1 Refine#0" [stack: 0x000000996ef00000,0x000000996f000000] [id=11540]
  0x000001cb9d5e7c90 ConcurrentGCThread "G1 Refine#1" [stack: 0x0000009970700000,0x0000009970800000] [id=11824]
  0x000001cb9d0f7810 ConcurrentGCThread "G1 Refine#2" [stack: 0x0000009970800000,0x0000009970900000] [id=2072]
  0x000001cb9d7e8c60 ConcurrentGCThread "G1 Refine#3" [stack: 0x0000009970900000,0x0000009970a00000] [id=8480]
  0x000001cb9d6f55a0 ConcurrentGCThread "G1 Refine#4" [stack: 0x0000009970a00000,0x0000009970b00000] [id=12660]
  0x000001cb9d213070 ConcurrentGCThread "G1 Refine#5" [stack: 0x0000009970b00000,0x0000009970c00000] [id=11228]
  0x000001cb9d14c150 ConcurrentGCThread "G1 Refine#6" [stack: 0x0000009970c00000,0x0000009970d00000] [id=31756]
  0x000001cb9d7b7680 ConcurrentGCThread "G1 Refine#7" [stack: 0x0000009970d00000,0x0000009970e00000] [id=14136]
  0x000001cb9d38c3e0 ConcurrentGCThread "G1 Refine#8" [stack: 0x0000009970e00000,0x0000009970f00000] [id=1612]
  0x000001cb9d38c6d0 ConcurrentGCThread "G1 Refine#9" [stack: 0x0000009970f00000,0x0000009971000000] [id=16012]
  0x000001cb9d73bee0 ConcurrentGCThread "G1 Refine#10" [stack: 0x0000009971000000,0x0000009971100000] [id=3396]
  0x000001cbfe5edb10 ConcurrentGCThread "G1 Service" [stack: 0x000000996f000000,0x000000996f100000] [id=26344]

Threads with active compile tasks:
C2 CompilerThread0     2190 1135   !   4       java.nio.file.FileTreeWalker::next (144 bytes)
C2 CompilerThread1     2190 1179       4       java.time.zone.ZoneRules::getOffsetInfo (278 bytes)
C2 CompilerThread2     2190 1079       4       java.nio.file.FileTreeIterator::fetchNextIfNeeded (65 bytes)

VM state: at safepoint (normal execution)

VM Mutex/Monitor currently owned by a thread:  ([mutex/lock_event])
[0x000001cbf6bb1040] Threads_lock - owner thread: 0x000001cbff5af520
[0x000001cbf6bb0110] Heap_lock - owner thread: 0x000001cbf6bb69a0

Heap address: 0x0000000701400000, size: 4076 MB, Compressed Oops mode: Zero based, Oop shift amount: 3

CDS archive(s) not mapped
Compressed class space mapped at: 0x0000000800000000-0x0000000840000000, reserved size: 1073741824
Narrow klass base: 0x0000000800000000, Narrow klass shift: 0, Narrow klass range: 0x40000000

GC Precious Log:
 CPUs: 16 total, 16 available
 Memory: 16297M
 Large Page Support: Disabled
 NUMA Support: Disabled
 Compressed Oops: Enabled (Zero based)
 Heap Region Size: 2M
 Heap Min Capacity: 8M
 Heap Initial Capacity: 256M
 Heap Max Capacity: 4076M
 Pre-touch: Disabled
 Parallel Workers: 13
 Concurrent Workers: 3
 Concurrent Refinement Workers: 13
 Periodic GC: Disabled

Heap:
 garbage-first heap   total 591872K, used 150762K [0x0000000701400000, 0x0000000800000000)
  region size 2048K, 2 young (4096K), 2 survivors (4096K)
 Metaspace       used 9160K, committed 9344K, reserved 1114112K
  class space    used 793K, committed 896K, reserved 1048576K

Heap Regions: E=young(eden), S=young(survivor), O=old, HS=humongous(starts), HC=humongous(continues), CS=collection set, F=free, OA=open archive, CA=closed archive, TAMS=top-at-mark-start (previous, next)
|   0|0x0000000701400000, 0x0000000701600000, 0x0000000701600000|100%| O|  |TAMS 0x0000000701400000, 0x0000000701400000| Untracked 
|   1|0x0000000701600000, 0x0000000701800000, 0x0000000701800000|100%| O|  |TAMS 0x0000000701600000, 0x0000000701600000| Untracked 
|   2|0x0000000701800000, 0x0000000701a00000, 0x0000000701a00000|100%| O|  |TAMS 0x0000000701800000, 0x0000000701800000| Untracked 
|   3|0x0000000701a00000, 0x0000000701c00000, 0x0000000701c00000|100%| O|  |TAMS 0x0000000701a00000, 0x0000000701a00000| Untracked 
|   4|0x0000000701c00000, 0x0000000701e00000, 0x0000000701e00000|100%| O|  |TAMS 0x0000000701c00000, 0x0000000701c00000| Untracked 
|   5|0x0000000701e00000, 0x0000000702000000, 0x0000000702000000|100%| O|  |TAMS 0x0000000701e00000, 0x0000000701e00000| Untracked 
|   6|0x0000000702000000, 0x0000000702200000, 0x0000000702200000|100%| O|  |TAMS 0x0000000702000000, 0x0000000702000000| Untracked 
|   7|0x0000000702200000, 0x0000000702400000, 0x0000000702400000|100%| O|  |TAMS 0x0000000702200000, 0x0000000702200000| Untracked 
|   8|0x0000000702400000, 0x0000000702600000, 0x0000000702600000|100%| O|  |TAMS 0x0000000702400000, 0x0000000702400000| Untracked 
|   9|0x0000000702600000, 0x0000000702800000, 0x0000000702800000|100%| O|  |TAMS 0x0000000702600000, 0x0000000702600000| Untracked 
|  10|0x0000000702800000, 0x0000000702a00000, 0x0000000702a00000|100%| O|  |TAMS 0x0000000702800000, 0x0000000702800000| Untracked 
|  11|0x0000000702a00000, 0x0000000702c00000, 0x0000000702c00000|100%| O|  |TAMS 0x0000000702a00000, 0x0000000702a00000| Untracked 
|  12|0x0000000702c00000, 0x0000000702e00000, 0x0000000702e00000|100%| O|  |TAMS 0x0000000702c00000, 0x0000000702c00000| Untracked 
|  13|0x0000000702e00000, 0x0000000703000000, 0x0000000703000000|100%| O|  |TAMS 0x0000000702e00000, 0x0000000702e00000| Untracked 
|  14|0x0000000703000000, 0x0000000703200000, 0x0000000703200000|100%| O|  |TAMS 0x0000000703000000, 0x0000000703000000| Untracked 
|  15|0x0000000703200000, 0x0000000703400000, 0x0000000703400000|100%| O|  |TAMS 0x0000000703200000, 0x0000000703200000| Untracked 
|  16|0x0000000703400000, 0x0000000703600000, 0x0000000703600000|100%| O|  |TAMS 0x0000000703400000, 0x0000000703400000| Untracked 
|  17|0x0000000703600000, 0x0000000703800000, 0x0000000703800000|100%| O|  |TAMS 0x0000000703600000, 0x0000000703600000| Untracked 
|  18|0x0000000703800000, 0x0000000703a00000, 0x0000000703a00000|100%| O|  |TAMS 0x0000000703800000, 0x0000000703800000| Untracked 
|  19|0x0000000703a00000, 0x0000000703c00000, 0x0000000703c00000|100%| O|  |TAMS 0x0000000703a00000, 0x0000000703a00000| Untracked 
|  20|0x0000000703c00000, 0x0000000703e00000, 0x0000000703e00000|100%| O|  |TAMS 0x0000000703c00000, 0x0000000703c00000| Untracked 
|  21|0x0000000703e00000, 0x0000000704000000, 0x0000000704000000|100%| O|  |TAMS 0x0000000703e00000, 0x0000000703e00000| Untracked 
|  22|0x0000000704000000, 0x0000000704200000, 0x0000000704200000|100%| O|  |TAMS 0x0000000704000000, 0x0000000704000000| Untracked 
|  23|0x0000000704200000, 0x0000000704400000, 0x0000000704400000|100%| O|  |TAMS 0x0000000704200000, 0x0000000704200000| Untracked 
|  24|0x0000000704400000, 0x0000000704600000, 0x0000000704600000|100%| O|  |TAMS 0x0000000704400000, 0x0000000704400000| Untracked 
|  25|0x0000000704600000, 0x0000000704800000, 0x0000000704800000|100%| O|  |TAMS 0x0000000704600000, 0x0000000704600000| Untracked 
|  26|0x0000000704800000, 0x0000000704a00000, 0x0000000704a00000|100%| O|  |TAMS 0x0000000704800000, 0x0000000704800000| Untracked 
|  27|0x0000000704a00000, 0x0000000704c00000, 0x0000000704c00000|100%| O|  |TAMS 0x0000000704a00000, 0x0000000704a00000| Untracked 
|  28|0x0000000704c00000, 0x0000000704e00000, 0x0000000704e00000|100%| O|  |TAMS 0x0000000704c00000, 0x0000000704c00000| Untracked 
|  29|0x0000000704e00000, 0x0000000705000000, 0x0000000705000000|100%| O|  |TAMS 0x0000000704e00000, 0x0000000704e00000| Untracked 
|  30|0x0000000705000000, 0x0000000705200000, 0x0000000705200000|100%| O|  |TAMS 0x0000000705000000, 0x0000000705000000| Untracked 
|  31|0x0000000705200000, 0x0000000705400000, 0x0000000705400000|100%| O|  |TAMS 0x0000000705200000, 0x0000000705200000| Untracked 
|  32|0x0000000705400000, 0x0000000705600000, 0x0000000705600000|100%| O|  |TAMS 0x0000000705400000, 0x0000000705400000| Untracked 
|  33|0x0000000705600000, 0x0000000705800000, 0x0000000705800000|100%| O|  |TAMS 0x0000000705600000, 0x0000000705600000| Untracked 
|  34|0x0000000705800000, 0x0000000705a00000, 0x0000000705a00000|100%| O|  |TAMS 0x0000000705800000, 0x0000000705800000| Untracked 
|  35|0x0000000705a00000, 0x0000000705c00000, 0x0000000705c00000|100%| O|  |TAMS 0x0000000705a00000, 0x0000000705a00000| Untracked 
|  36|0x0000000705c00000, 0x0000000705e00000, 0x0000000705e00000|100%| O|  |TAMS 0x0000000705c00000, 0x0000000705c00000| Untracked 
|  37|0x0000000705e00000, 0x0000000706000000, 0x0000000706000000|100%| O|  |TAMS 0x0000000705e00000, 0x0000000705e00000| Untracked 
|  38|0x0000000706000000, 0x0000000706200000, 0x0000000706200000|100%| O|  |TAMS 0x0000000706000000, 0x0000000706000000| Untracked 
|  39|0x0000000706200000, 0x0000000706400000, 0x0000000706400000|100%| O|  |TAMS 0x0000000706200000, 0x0000000706200000| Untracked 
|  40|0x0000000706400000, 0x0000000706600000, 0x0000000706600000|100%| O|  |TAMS 0x0000000706400000, 0x0000000706400000| Untracked 
|  41|0x0000000706600000, 0x0000000706800000, 0x0000000706800000|100%| O|  |TAMS 0x0000000706600000, 0x0000000706600000| Untracked 
|  42|0x0000000706800000, 0x0000000706a00000, 0x0000000706a00000|100%| O|  |TAMS 0x0000000706800000, 0x0000000706800000| Untracked 
|  43|0x0000000706a00000, 0x0000000706c00000, 0x0000000706c00000|100%| O|  |TAMS 0x0000000706a00000, 0x0000000706a00000| Untracked 
|  44|0x0000000706c00000, 0x0000000706e00000, 0x0000000706e00000|100%| O|  |TAMS 0x0000000706c00000, 0x0000000706c00000| Untracked 
|  45|0x0000000706e00000, 0x0000000707000000, 0x0000000707000000|100%| O|  |TAMS 0x0000000706e00000, 0x0000000706e00000| Untracked 
|  46|0x0000000707000000, 0x0000000707200000, 0x0000000707200000|100%| O|  |TAMS 0x0000000707000000, 0x0000000707000000| Untracked 
|  47|0x0000000707200000, 0x0000000707400000, 0x0000000707400000|100%| O|  |TAMS 0x0000000707200000, 0x0000000707200000| Untracked 
|  48|0x0000000707400000, 0x0000000707600000, 0x0000000707600000|100%| O|  |TAMS 0x0000000707400000, 0x0000000707400000| Untracked 
|  49|0x0000000707600000, 0x0000000707800000, 0x0000000707800000|100%| O|  |TAMS 0x0000000707600000, 0x0000000707600000| Untracked 
|  50|0x0000000707800000, 0x0000000707a00000, 0x0000000707a00000|100%| O|  |TAMS 0x0000000707800000, 0x0000000707800000| Untracked 
|  51|0x0000000707a00000, 0x0000000707c00000, 0x0000000707c00000|100%| O|  |TAMS 0x0000000707a00000, 0x0000000707a00000| Untracked 
|  52|0x0000000707c00000, 0x0000000707e00000, 0x0000000707e00000|100%| O|  |TAMS 0x0000000707c00000, 0x0000000707c00000| Untracked 
|  53|0x0000000707e00000, 0x0000000708000000, 0x0000000708000000|100%| O|  |TAMS 0x0000000707e00000, 0x0000000707e00000| Untracked 
|  54|0x0000000708000000, 0x0000000708200000, 0x0000000708200000|100%| O|  |TAMS 0x0000000708000000, 0x0000000708000000| Untracked 
|  55|0x0000000708200000, 0x0000000708400000, 0x0000000708400000|100%| O|  |TAMS 0x0000000708200000, 0x0000000708200000| Untracked 
|  56|0x0000000708400000, 0x0000000708600000, 0x0000000708600000|100%| O|  |TAMS 0x0000000708400000, 0x0000000708400000| Untracked 
|  57|0x0000000708600000, 0x0000000708800000, 0x0000000708800000|100%| O|  |TAMS 0x0000000708600000, 0x0000000708600000| Untracked 
|  58|0x0000000708800000, 0x0000000708a00000, 0x0000000708a00000|100%| O|  |TAMS 0x0000000708800000, 0x0000000708800000| Untracked 
|  59|0x0000000708a00000, 0x0000000708c00000, 0x0000000708c00000|100%| O|  |TAMS 0x0000000708a00000, 0x0000000708a00000| Untracked 
|  60|0x0000000708c00000, 0x0000000708e00000, 0x0000000708e00000|100%| O|  |TAMS 0x0000000708c00000, 0x0000000708c00000| Untracked 
|  61|0x0000000708e00000, 0x0000000709000000, 0x0000000709000000|100%| O|  |TAMS 0x0000000708e00000, 0x0000000708e00000| Untracked 
|  62|0x0000000709000000, 0x0000000709200000, 0x0000000709200000|100%| O|  |TAMS 0x0000000709000000, 0x0000000709000000| Untracked 
|  63|0x0000000709200000, 0x0000000709400000, 0x0000000709400000|100%| O|  |TAMS 0x0000000709200000, 0x0000000709200000| Untracked 
|  64|0x0000000709400000, 0x0000000709600000, 0x0000000709600000|100%| O|  |TAMS 0x0000000709400000, 0x0000000709400000| Untracked 
|  65|0x0000000709600000, 0x0000000709800000, 0x0000000709800000|100%|HS|  |TAMS 0x0000000709600000, 0x0000000709600000| Complete 
|  66|0x0000000709800000, 0x0000000709a00000, 0x0000000709a00000|100%| O|  |TAMS 0x0000000709800000, 0x0000000709800000| Untracked 
|  67|0x0000000709a00000, 0x0000000709c00000, 0x0000000709c00000|100%| O|  |TAMS 0x0000000709a00000, 0x0000000709a00000| Untracked 
|  68|0x0000000709c00000, 0x0000000709e00000, 0x0000000709e00000|100%| O|  |TAMS 0x0000000709c00000, 0x0000000709c00000| Untracked 
|  69|0x0000000709e00000, 0x000000070a000000, 0x000000070a000000|100%| O|  |TAMS 0x0000000709e00000, 0x0000000709e00000| Untracked 
|  70|0x000000070a000000, 0x000000070a200000, 0x000000070a200000|100%| O|  |TAMS 0x000000070a000000, 0x000000070a000000| Untracked 
|  71|0x000000070a200000, 0x000000070a33aa00, 0x000000070a400000| 61%| O|  |TAMS 0x000000070a200000, 0x000000070a200000| Untracked 
|  72|0x000000070a400000, 0x000000070a400000, 0x000000070a600000|  0%| F|  |TAMS 0x000000070a400000, 0x000000070a400000| Untracked 
|  73|0x000000070a600000, 0x000000070a600000, 0x000000070a800000|  0%| F|  |TAMS 0x000000070a600000, 0x000000070a600000| Untracked 
|  74|0x000000070a800000, 0x000000070a800000, 0x000000070aa00000|  0%| F|  |TAMS 0x000000070a800000, 0x000000070a800000| Untracked 
|  75|0x000000070aa00000, 0x000000070aa00000, 0x000000070ac00000|  0%| F|  |TAMS 0x000000070aa00000, 0x000000070aa00000| Untracked 
|  76|0x000000070ac00000, 0x000000070ac00000, 0x000000070ae00000|  0%| F|  |TAMS 0x000000070ac00000, 0x000000070ac00000| Untracked 
|  77|0x000000070ae00000, 0x000000070ae00000, 0x000000070b000000|  0%| F|  |TAMS 0x000000070ae00000, 0x000000070ae00000| Untracked 
|  78|0x000000070b000000, 0x000000070b000000, 0x000000070b200000|  0%| F|  |TAMS 0x000000070b000000, 0x000000070b000000| Untracked 
|  79|0x000000070b200000, 0x000000070b200000, 0x000000070b400000|  0%| F|  |TAMS 0x000000070b200000, 0x000000070b200000| Untracked 
|  80|0x000000070b400000, 0x000000070b400000, 0x000000070b600000|  0%| F|  |TAMS 0x000000070b400000, 0x000000070b400000| Untracked 
|  81|0x000000070b600000, 0x000000070b600000, 0x000000070b800000|  0%| F|  |TAMS 0x000000070b600000, 0x000000070b600000| Untracked 
|  82|0x000000070b800000, 0x000000070b800000, 0x000000070ba00000|  0%| F|  |TAMS 0x000000070b800000, 0x000000070b800000| Untracked 
|  83|0x000000070ba00000, 0x000000070ba00000, 0x000000070bc00000|  0%| F|  |TAMS 0x000000070ba00000, 0x000000070ba00000| Untracked 
|  84|0x000000070bc00000, 0x000000070bc00000, 0x000000070be00000|  0%| F|  |TAMS 0x000000070bc00000, 0x000000070bc00000| Untracked 
|  85|0x000000070be00000, 0x000000070be00000, 0x000000070c000000|  0%| F|  |TAMS 0x000000070be00000, 0x000000070be00000| Untracked 
|  86|0x000000070c000000, 0x000000070c000000, 0x000000070c200000|  0%| F|  |TAMS 0x000000070c000000, 0x000000070c000000| Untracked 
|  87|0x000000070c200000, 0x000000070c200000, 0x000000070c400000|  0%| F|  |TAMS 0x000000070c200000, 0x000000070c200000| Untracked 
|  88|0x000000070c400000, 0x000000070c400000, 0x000000070c600000|  0%| F|  |TAMS 0x000000070c400000, 0x000000070c400000| Untracked 
|  89|0x000000070c600000, 0x000000070c600000, 0x000000070c800000|  0%| F|  |TAMS 0x000000070c600000, 0x000000070c600000| Untracked 
|  90|0x000000070c800000, 0x000000070c800000, 0x000000070ca00000|  0%| F|  |TAMS 0x000000070c800000, 0x000000070c800000| Untracked 
|  91|0x000000070ca00000, 0x000000070ca00000, 0x000000070cc00000|  0%| F|  |TAMS 0x000000070ca00000, 0x000000070ca00000| Untracked 
|  92|0x000000070cc00000, 0x000000070cc00000, 0x000000070ce00000|  0%| F|  |TAMS 0x000000070cc00000, 0x000000070cc00000| Untracked 
|  93|0x000000070ce00000, 0x000000070ce00000, 0x000000070d000000|  0%| F|  |TAMS 0x000000070ce00000, 0x000000070ce00000| Untracked 
|  94|0x000000070d000000, 0x000000070d000000, 0x000000070d200000|  0%| F|  |TAMS 0x000000070d000000, 0x000000070d000000| Untracked 
|  95|0x000000070d200000, 0x000000070d200000, 0x000000070d400000|  0%| F|  |TAMS 0x000000070d200000, 0x000000070d200000| Untracked 
|  96|0x000000070d400000, 0x000000070d400000, 0x000000070d600000|  0%| F|  |TAMS 0x000000070d400000, 0x000000070d400000| Untracked 
|  97|0x000000070d600000, 0x000000070d600000, 0x000000070d800000|  0%| F|  |TAMS 0x000000070d600000, 0x000000070d600000| Untracked 
|  98|0x000000070d800000, 0x000000070d800000, 0x000000070da00000|  0%| F|  |TAMS 0x000000070d800000, 0x000000070d800000| Untracked 
|  99|0x000000070da00000, 0x000000070da00000, 0x000000070dc00000|  0%| F|  |TAMS 0x000000070da00000, 0x000000070da00000| Untracked 
| 100|0x000000070dc00000, 0x000000070dc00000, 0x000000070de00000|  0%| F|  |TAMS 0x000000070dc00000, 0x000000070dc00000| Untracked 
| 101|0x000000070de00000, 0x000000070de00000, 0x000000070e000000|  0%| F|  |TAMS 0x000000070de00000, 0x000000070de00000| Untracked 
| 102|0x000000070e000000, 0x000000070e000000, 0x000000070e200000|  0%| F|  |TAMS 0x000000070e000000, 0x000000070e000000| Untracked 
| 103|0x000000070e200000, 0x000000070e200000, 0x000000070e400000|  0%| F|  |TAMS 0x000000070e200000, 0x000000070e200000| Untracked 
| 104|0x000000070e400000, 0x000000070e400000, 0x000000070e600000|  0%| F|  |TAMS 0x000000070e400000, 0x000000070e400000| Untracked 
| 105|0x000000070e600000, 0x000000070e600000, 0x000000070e800000|  0%| F|  |TAMS 0x000000070e600000, 0x000000070e600000| Untracked 
| 106|0x000000070e800000, 0x000000070e800000, 0x000000070ea00000|  0%| F|  |TAMS 0x000000070e800000, 0x000000070e800000| Untracked 
| 107|0x000000070ea00000, 0x000000070ea00000, 0x000000070ec00000|  0%| F|  |TAMS 0x000000070ea00000, 0x000000070ea00000| Untracked 
| 108|0x000000070ec00000, 0x000000070ec00000, 0x000000070ee00000|  0%| F|  |TAMS 0x000000070ec00000, 0x000000070ec00000| Untracked 
| 109|0x000000070ee00000, 0x000000070ee00000, 0x000000070f000000|  0%| F|  |TAMS 0x000000070ee00000, 0x000000070ee00000| Untracked 
| 110|0x000000070f000000, 0x000000070f000000, 0x000000070f200000|  0%| F|  |TAMS 0x000000070f000000, 0x000000070f000000| Untracked 
| 111|0x000000070f200000, 0x000000070f200000, 0x000000070f400000|  0%| F|  |TAMS 0x000000070f200000, 0x000000070f200000| Untracked 
| 112|0x000000070f400000, 0x000000070f400000, 0x000000070f600000|  0%| F|  |TAMS 0x000000070f400000, 0x000000070f400000| Untracked 
| 113|0x000000070f600000, 0x000000070f600000, 0x000000070f800000|  0%| F|  |TAMS 0x000000070f600000, 0x000000070f600000| Untracked 
| 114|0x000000070f800000, 0x000000070f800000, 0x000000070fa00000|  0%| F|  |TAMS 0x000000070f800000, 0x000000070f800000| Untracked 
| 115|0x000000070fa00000, 0x000000070fa00000, 0x000000070fc00000|  0%| F|  |TAMS 0x000000070fa00000, 0x000000070fa00000| Untracked 
| 116|0x000000070fc00000, 0x000000070fc00000, 0x000000070fe00000|  0%| F|  |TAMS 0x000000070fc00000, 0x000000070fc00000| Untracked 
| 117|0x000000070fe00000, 0x000000070fe00000, 0x0000000710000000|  0%| F|  |TAMS 0x000000070fe00000, 0x000000070fe00000| Untracked 
| 118|0x0000000710000000, 0x0000000710000000, 0x0000000710200000|  0%| F|  |TAMS 0x0000000710000000, 0x0000000710000000| Untracked 
| 119|0x0000000710200000, 0x0000000710200000, 0x0000000710400000|  0%| F|  |TAMS 0x0000000710200000, 0x0000000710200000| Untracked 
| 120|0x0000000710400000, 0x0000000710400000, 0x0000000710600000|  0%| F|  |TAMS 0x0000000710400000, 0x0000000710400000| Untracked 
| 121|0x0000000710600000, 0x0000000710600000, 0x0000000710800000|  0%| F|  |TAMS 0x0000000710600000, 0x0000000710600000| Untracked 
| 122|0x0000000710800000, 0x0000000710800000, 0x0000000710a00000|  0%| F|  |TAMS 0x0000000710800000, 0x0000000710800000| Untracked 
| 123|0x0000000710a00000, 0x0000000710a00000, 0x0000000710c00000|  0%| F|  |TAMS 0x0000000710a00000, 0x0000000710a00000| Untracked 
| 124|0x0000000710c00000, 0x0000000710c00000, 0x0000000710e00000|  0%| F|  |TAMS 0x0000000710c00000, 0x0000000710c00000| Untracked 
| 125|0x0000000710e00000, 0x0000000710e00000, 0x0000000711000000|  0%| F|  |TAMS 0x0000000710e00000, 0x0000000710e00000| Untracked 
| 126|0x0000000711000000, 0x0000000711000000, 0x0000000711200000|  0%| F|  |TAMS 0x0000000711000000, 0x0000000711000000| Untracked 
| 127|0x0000000711200000, 0x0000000711200000, 0x0000000711400000|  0%| F|  |TAMS 0x0000000711200000, 0x0000000711200000| Untracked 
| 128|0x0000000711400000, 0x0000000711400000, 0x0000000711600000|  0%| F|  |TAMS 0x0000000711400000, 0x0000000711400000| Untracked 
| 129|0x0000000711600000, 0x0000000711600000, 0x0000000711800000|  0%| F|  |TAMS 0x0000000711600000, 0x0000000711600000| Untracked 
| 130|0x0000000711800000, 0x0000000711800000, 0x0000000711a00000|  0%| F|  |TAMS 0x0000000711800000, 0x0000000711800000| Untracked 
| 131|0x0000000711a00000, 0x0000000711a00000, 0x0000000711c00000|  0%| F|  |TAMS 0x0000000711a00000, 0x0000000711a00000| Untracked 
| 132|0x0000000711c00000, 0x0000000711c00000, 0x0000000711e00000|  0%| F|  |TAMS 0x0000000711c00000, 0x0000000711c00000| Untracked 
| 133|0x0000000711e00000, 0x0000000711e00000, 0x0000000712000000|  0%| F|  |TAMS 0x0000000711e00000, 0x0000000711e00000| Untracked 
| 134|0x0000000712000000, 0x0000000712000000, 0x0000000712200000|  0%| F|  |TAMS 0x0000000712000000, 0x0000000712000000| Untracked 
| 135|0x0000000712200000, 0x0000000712200000, 0x0000000712400000|  0%| F|  |TAMS 0x0000000712200000, 0x0000000712200000| Untracked 
| 136|0x0000000712400000, 0x0000000712400000, 0x0000000712600000|  0%| F|  |TAMS 0x0000000712400000, 0x0000000712400000| Untracked 
| 137|0x0000000712600000, 0x0000000712600000, 0x0000000712800000|  0%| F|  |TAMS 0x0000000712600000, 0x0000000712600000| Untracked 
| 138|0x0000000712800000, 0x0000000712800000, 0x0000000712a00000|  0%| F|  |TAMS 0x0000000712800000, 0x0000000712800000| Untracked 
| 139|0x0000000712a00000, 0x0000000712a00000, 0x0000000712c00000|  0%| F|  |TAMS 0x0000000712a00000, 0x0000000712a00000| Untracked 
| 140|0x0000000712c00000, 0x0000000712c00000, 0x0000000712e00000|  0%| F|  |TAMS 0x0000000712c00000, 0x0000000712c00000| Untracked 
| 141|0x0000000712e00000, 0x0000000712e00000, 0x0000000713000000|  0%| F|  |TAMS 0x0000000712e00000, 0x0000000712e00000| Untracked 
| 142|0x0000000713000000, 0x0000000713000000, 0x0000000713200000|  0%| F|  |TAMS 0x0000000713000000, 0x0000000713000000| Untracked 
| 143|0x0000000713200000, 0x0000000713200000, 0x0000000713400000|  0%| F|  |TAMS 0x0000000713200000, 0x0000000713200000| Untracked 
| 144|0x0000000713400000, 0x0000000713400000, 0x0000000713600000|  0%| F|  |TAMS 0x0000000713400000, 0x0000000713400000| Untracked 
| 145|0x0000000713600000, 0x0000000713600000, 0x0000000713800000|  0%| F|  |TAMS 0x0000000713600000, 0x0000000713600000| Untracked 
| 146|0x0000000713800000, 0x0000000713800000, 0x0000000713a00000|  0%| F|  |TAMS 0x0000000713800000, 0x0000000713800000| Untracked 
| 147|0x0000000713a00000, 0x0000000713a00000, 0x0000000713c00000|  0%| F|  |TAMS 0x0000000713a00000, 0x0000000713a00000| Untracked 
| 148|0x0000000713c00000, 0x0000000713c00000, 0x0000000713e00000|  0%| F|  |TAMS 0x0000000713c00000, 0x0000000713c00000| Untracked 
| 149|0x0000000713e00000, 0x0000000713e00000, 0x0000000714000000|  0%| F|  |TAMS 0x0000000713e00000, 0x0000000713e00000| Untracked 
| 150|0x0000000714000000, 0x0000000714000000, 0x0000000714200000|  0%| F|  |TAMS 0x0000000714000000, 0x0000000714000000| Untracked 
| 151|0x0000000714200000, 0x0000000714200000, 0x0000000714400000|  0%| F|  |TAMS 0x0000000714200000, 0x0000000714200000| Untracked 
| 152|0x0000000714400000, 0x0000000714400000, 0x0000000714600000|  0%| F|  |TAMS 0x0000000714400000, 0x0000000714400000| Untracked 
| 153|0x0000000714600000, 0x0000000714600000, 0x0000000714800000|  0%| F|  |TAMS 0x0000000714600000, 0x0000000714600000| Untracked 
| 154|0x0000000714800000, 0x0000000714800000, 0x0000000714a00000|  0%| F|  |TAMS 0x0000000714800000, 0x0000000714800000| Untracked 
| 155|0x0000000714a00000, 0x0000000714a00000, 0x0000000714c00000|  0%| F|  |TAMS 0x0000000714a00000, 0x0000000714a00000| Untracked 
| 156|0x0000000714c00000, 0x0000000714c00000, 0x0000000714e00000|  0%| F|  |TAMS 0x0000000714c00000, 0x0000000714c00000| Untracked 
| 157|0x0000000714e00000, 0x0000000714e00000, 0x0000000715000000|  0%| F|  |TAMS 0x0000000714e00000, 0x0000000714e00000| Untracked 
| 158|0x0000000715000000, 0x0000000715000000, 0x0000000715200000|  0%| F|  |TAMS 0x0000000715000000, 0x0000000715000000| Untracked 
| 159|0x0000000715200000, 0x0000000715200000, 0x0000000715400000|  0%| F|  |TAMS 0x0000000715200000, 0x0000000715200000| Untracked 
| 160|0x0000000715400000, 0x0000000715400000, 0x0000000715600000|  0%| F|  |TAMS 0x0000000715400000, 0x0000000715400000| Untracked 
| 161|0x0000000715600000, 0x0000000715600000, 0x0000000715800000|  0%| F|  |TAMS 0x0000000715600000, 0x0000000715600000| Untracked 
| 162|0x0000000715800000, 0x0000000715800000, 0x0000000715a00000|  0%| F|  |TAMS 0x0000000715800000, 0x0000000715800000| Untracked 
| 163|0x0000000715a00000, 0x0000000715a00000, 0x0000000715c00000|  0%| F|  |TAMS 0x0000000715a00000, 0x0000000715a00000| Untracked 
| 164|0x0000000715c00000, 0x0000000715c00000, 0x0000000715e00000|  0%| F|  |TAMS 0x0000000715c00000, 0x0000000715c00000| Untracked 
| 165|0x0000000715e00000, 0x0000000715e00000, 0x0000000716000000|  0%| F|  |TAMS 0x0000000715e00000, 0x0000000715e00000| Untracked 
| 166|0x0000000716000000, 0x0000000716000000, 0x0000000716200000|  0%| F|  |TAMS 0x0000000716000000, 0x0000000716000000| Untracked 
| 167|0x0000000716200000, 0x0000000716200000, 0x0000000716400000|  0%| F|  |TAMS 0x0000000716200000, 0x0000000716200000| Untracked 
| 168|0x0000000716400000, 0x0000000716400000, 0x0000000716600000|  0%| F|  |TAMS 0x0000000716400000, 0x0000000716400000| Untracked 
| 169|0x0000000716600000, 0x0000000716600000, 0x0000000716800000|  0%| F|  |TAMS 0x0000000716600000, 0x0000000716600000| Untracked 
| 170|0x0000000716800000, 0x0000000716800000, 0x0000000716a00000|  0%| F|  |TAMS 0x0000000716800000, 0x0000000716800000| Untracked 
| 171|0x0000000716a00000, 0x0000000716a00000, 0x0000000716c00000|  0%| F|  |TAMS 0x0000000716a00000, 0x0000000716a00000| Untracked 
| 172|0x0000000716c00000, 0x0000000716c00000, 0x0000000716e00000|  0%| F|  |TAMS 0x0000000716c00000, 0x0000000716c00000| Untracked 
| 173|0x0000000716e00000, 0x0000000716e00000, 0x0000000717000000|  0%| F|  |TAMS 0x0000000716e00000, 0x0000000716e00000| Untracked 
| 174|0x0000000717000000, 0x0000000717000000, 0x0000000717200000|  0%| F|  |TAMS 0x0000000717000000, 0x0000000717000000| Untracked 
| 175|0x0000000717200000, 0x0000000717200000, 0x0000000717400000|  0%| F|  |TAMS 0x0000000717200000, 0x0000000717200000| Untracked 
| 176|0x0000000717400000, 0x0000000717400000, 0x0000000717600000|  0%| F|  |TAMS 0x0000000717400000, 0x0000000717400000| Untracked 
| 177|0x0000000717600000, 0x0000000717600000, 0x0000000717800000|  0%| F|  |TAMS 0x0000000717600000, 0x0000000717600000| Untracked 
| 178|0x0000000717800000, 0x0000000717800000, 0x0000000717a00000|  0%| F|  |TAMS 0x0000000717800000, 0x0000000717800000| Untracked 
| 179|0x0000000717a00000, 0x0000000717a00000, 0x0000000717c00000|  0%| F|  |TAMS 0x0000000717a00000, 0x0000000717a00000| Untracked 
| 180|0x0000000717c00000, 0x0000000717c00000, 0x0000000717e00000|  0%| F|  |TAMS 0x0000000717c00000, 0x0000000717c00000| Untracked 
| 181|0x0000000717e00000, 0x0000000717e00000, 0x0000000718000000|  0%| F|  |TAMS 0x0000000717e00000, 0x0000000717e00000| Untracked 
| 182|0x0000000718000000, 0x0000000718000000, 0x0000000718200000|  0%| F|  |TAMS 0x0000000718000000, 0x0000000718000000| Untracked 
| 183|0x0000000718200000, 0x0000000718200000, 0x0000000718400000|  0%| F|  |TAMS 0x0000000718200000, 0x0000000718200000| Untracked 
| 184|0x0000000718400000, 0x0000000718400000, 0x0000000718600000|  0%| F|  |TAMS 0x0000000718400000, 0x0000000718400000| Untracked 
| 185|0x0000000718600000, 0x0000000718600000, 0x0000000718800000|  0%| F|  |TAMS 0x0000000718600000, 0x0000000718600000| Untracked 
| 186|0x0000000718800000, 0x0000000718800000, 0x0000000718a00000|  0%| F|  |TAMS 0x0000000718800000, 0x0000000718800000| Untracked 
| 187|0x0000000718a00000, 0x0000000718a00000, 0x0000000718c00000|  0%| F|  |TAMS 0x0000000718a00000, 0x0000000718a00000| Untracked 
| 188|0x0000000718c00000, 0x0000000718c00000, 0x0000000718e00000|  0%| F|  |TAMS 0x0000000718c00000, 0x0000000718c00000| Untracked 
| 189|0x0000000718e00000, 0x0000000718e00000, 0x0000000719000000|  0%| F|  |TAMS 0x0000000718e00000, 0x0000000718e00000| Untracked 
| 190|0x0000000719000000, 0x0000000719000000, 0x0000000719200000|  0%| F|  |TAMS 0x0000000719000000, 0x0000000719000000| Untracked 
| 191|0x0000000719200000, 0x0000000719200000, 0x0000000719400000|  0%| F|  |TAMS 0x0000000719200000, 0x0000000719200000| Untracked 
| 192|0x0000000719400000, 0x0000000719400000, 0x0000000719600000|  0%| F|  |TAMS 0x0000000719400000, 0x0000000719400000| Untracked 
| 193|0x0000000719600000, 0x0000000719600000, 0x0000000719800000|  0%| F|  |TAMS 0x0000000719600000, 0x0000000719600000| Untracked 
| 194|0x0000000719800000, 0x0000000719800000, 0x0000000719a00000|  0%| F|  |TAMS 0x0000000719800000, 0x0000000719800000| Untracked 
| 195|0x0000000719a00000, 0x0000000719a00000, 0x0000000719c00000|  0%| F|  |TAMS 0x0000000719a00000, 0x0000000719a00000| Untracked 
| 196|0x0000000719c00000, 0x0000000719c00000, 0x0000000719e00000|  0%| F|  |TAMS 0x0000000719c00000, 0x0000000719c00000| Untracked 
| 197|0x0000000719e00000, 0x0000000719e00000, 0x000000071a000000|  0%| F|  |TAMS 0x0000000719e00000, 0x0000000719e00000| Untracked 
| 198|0x000000071a000000, 0x000000071a000000, 0x000000071a200000|  0%| F|  |TAMS 0x000000071a000000, 0x000000071a000000| Untracked 
| 199|0x000000071a200000, 0x000000071a200000, 0x000000071a400000|  0%| F|  |TAMS 0x000000071a200000, 0x000000071a200000| Untracked 
| 200|0x000000071a400000, 0x000000071a400000, 0x000000071a600000|  0%| F|  |TAMS 0x000000071a400000, 0x000000071a400000| Untracked 
| 201|0x000000071a600000, 0x000000071a600000, 0x000000071a800000|  0%| F|  |TAMS 0x000000071a600000, 0x000000071a600000| Untracked 
| 202|0x000000071a800000, 0x000000071a800000, 0x000000071aa00000|  0%| F|  |TAMS 0x000000071a800000, 0x000000071a800000| Untracked 
| 203|0x000000071aa00000, 0x000000071aa00000, 0x000000071ac00000|  0%| F|  |TAMS 0x000000071aa00000, 0x000000071aa00000| Untracked 
| 204|0x000000071ac00000, 0x000000071ac00000, 0x000000071ae00000|  0%| F|  |TAMS 0x000000071ac00000, 0x000000071ac00000| Untracked 
| 205|0x000000071ae00000, 0x000000071ae00000, 0x000000071b000000|  0%| F|  |TAMS 0x000000071ae00000, 0x000000071ae00000| Untracked 
| 206|0x000000071b000000, 0x000000071b000000, 0x000000071b200000|  0%| F|  |TAMS 0x000000071b000000, 0x000000071b000000| Untracked 
| 207|0x000000071b200000, 0x000000071b200000, 0x000000071b400000|  0%| F|  |TAMS 0x000000071b200000, 0x000000071b200000| Untracked 
| 208|0x000000071b400000, 0x000000071b400000, 0x000000071b600000|  0%| F|  |TAMS 0x000000071b400000, 0x000000071b400000| Untracked 
| 209|0x000000071b600000, 0x000000071b600000, 0x000000071b800000|  0%| F|  |TAMS 0x000000071b600000, 0x000000071b600000| Untracked 
| 210|0x000000071b800000, 0x000000071b800000, 0x000000071ba00000|  0%| F|  |TAMS 0x000000071b800000, 0x000000071b800000| Untracked 
| 211|0x000000071ba00000, 0x000000071ba00000, 0x000000071bc00000|  0%| F|  |TAMS 0x000000071ba00000, 0x000000071ba00000| Untracked 
| 212|0x000000071bc00000, 0x000000071bc00000, 0x000000071be00000|  0%| F|  |TAMS 0x000000071bc00000, 0x000000071bc00000| Untracked 
| 213|0x000000071be00000, 0x000000071be00000, 0x000000071c000000|  0%| F|  |TAMS 0x000000071be00000, 0x000000071be00000| Untracked 
| 214|0x000000071c000000, 0x000000071c000000, 0x000000071c200000|  0%| F|  |TAMS 0x000000071c000000, 0x000000071c000000| Untracked 
| 215|0x000000071c200000, 0x000000071c200000, 0x000000071c400000|  0%| F|  |TAMS 0x000000071c200000, 0x000000071c200000| Untracked 
| 216|0x000000071c400000, 0x000000071c400000, 0x000000071c600000|  0%| F|  |TAMS 0x000000071c400000, 0x000000071c400000| Untracked 
| 217|0x000000071c600000, 0x000000071c600000, 0x000000071c800000|  0%| F|  |TAMS 0x000000071c600000, 0x000000071c600000| Untracked 
| 218|0x000000071c800000, 0x000000071c800000, 0x000000071ca00000|  0%| F|  |TAMS 0x000000071c800000, 0x000000071c800000| Untracked 
| 219|0x000000071ca00000, 0x000000071ca00000, 0x000000071cc00000|  0%| F|  |TAMS 0x000000071ca00000, 0x000000071ca00000| Untracked 
| 220|0x000000071cc00000, 0x000000071cc00000, 0x000000071ce00000|  0%| F|  |TAMS 0x000000071cc00000, 0x000000071cc00000| Untracked 
| 221|0x000000071ce00000, 0x000000071ce00000, 0x000000071d000000|  0%| F|  |TAMS 0x000000071ce00000, 0x000000071ce00000| Untracked 
| 222|0x000000071d000000, 0x000000071d000000, 0x000000071d200000|  0%| F|  |TAMS 0x000000071d000000, 0x000000071d000000| Untracked 
| 223|0x000000071d200000, 0x000000071d200000, 0x000000071d400000|  0%| F|  |TAMS 0x000000071d200000, 0x000000071d200000| Untracked 
| 224|0x000000071d400000, 0x000000071d400000, 0x000000071d600000|  0%| F|  |TAMS 0x000000071d400000, 0x000000071d400000| Untracked 
| 225|0x000000071d600000, 0x000000071d600000, 0x000000071d800000|  0%| F|  |TAMS 0x000000071d600000, 0x000000071d600000| Untracked 
| 226|0x000000071d800000, 0x000000071d800000, 0x000000071da00000|  0%| F|  |TAMS 0x000000071d800000, 0x000000071d800000| Untracked 
| 227|0x000000071da00000, 0x000000071da00000, 0x000000071dc00000|  0%| F|  |TAMS 0x000000071da00000, 0x000000071da00000| Untracked 
| 228|0x000000071dc00000, 0x000000071dc00000, 0x000000071de00000|  0%| F|  |TAMS 0x000000071dc00000, 0x000000071dc00000| Untracked 
| 229|0x000000071de00000, 0x000000071de00000, 0x000000071e000000|  0%| F|  |TAMS 0x000000071de00000, 0x000000071de00000| Untracked 
| 230|0x000000071e000000, 0x000000071e000000, 0x000000071e200000|  0%| F|  |TAMS 0x000000071e000000, 0x000000071e000000| Untracked 
| 231|0x000000071e200000, 0x000000071e200000, 0x000000071e400000|  0%| F|  |TAMS 0x000000071e200000, 0x000000071e200000| Untracked 
| 232|0x000000071e400000, 0x000000071e400000, 0x000000071e600000|  0%| F|  |TAMS 0x000000071e400000, 0x000000071e400000| Untracked 
| 233|0x000000071e600000, 0x000000071e600000, 0x000000071e800000|  0%| F|  |TAMS 0x000000071e600000, 0x000000071e600000| Untracked 
| 234|0x000000071e800000, 0x000000071e800000, 0x000000071ea00000|  0%| F|  |TAMS 0x000000071e800000, 0x000000071e800000| Untracked 
| 235|0x000000071ea00000, 0x000000071ea00000, 0x000000071ec00000|  0%| F|  |TAMS 0x000000071ea00000, 0x000000071ea00000| Untracked 
| 236|0x000000071ec00000, 0x000000071ec00000, 0x000000071ee00000|  0%| F|  |TAMS 0x000000071ec00000, 0x000000071ec00000| Untracked 
| 237|0x000000071ee00000, 0x000000071ee00000, 0x000000071f000000|  0%| F|  |TAMS 0x000000071ee00000, 0x000000071ee00000| Untracked 
| 238|0x000000071f000000, 0x000000071f000000, 0x000000071f200000|  0%| F|  |TAMS 0x000000071f000000, 0x000000071f000000| Untracked 
| 239|0x000000071f200000, 0x000000071f200000, 0x000000071f400000|  0%| F|  |TAMS 0x000000071f200000, 0x000000071f200000| Untracked 
| 240|0x000000071f400000, 0x000000071f400000, 0x000000071f600000|  0%| F|  |TAMS 0x000000071f400000, 0x000000071f400000| Untracked 
| 241|0x000000071f600000, 0x000000071f600000, 0x000000071f800000|  0%| F|  |TAMS 0x000000071f600000, 0x000000071f600000| Untracked 
| 242|0x000000071f800000, 0x000000071f800000, 0x000000071fa00000|  0%| F|  |TAMS 0x000000071f800000, 0x000000071f800000| Untracked 
| 243|0x000000071fa00000, 0x000000071fa00000, 0x000000071fc00000|  0%| F|  |TAMS 0x000000071fa00000, 0x000000071fa00000| Untracked 
| 244|0x000000071fc00000, 0x000000071fc00000, 0x000000071fe00000|  0%| F|  |TAMS 0x000000071fc00000, 0x000000071fc00000| Untracked 
| 245|0x000000071fe00000, 0x000000071fe00000, 0x0000000720000000|  0%| F|  |TAMS 0x000000071fe00000, 0x000000071fe00000| Untracked 
| 246|0x0000000720000000, 0x0000000720000000, 0x0000000720200000|  0%| F|  |TAMS 0x0000000720000000, 0x0000000720000000| Untracked 
| 247|0x0000000720200000, 0x0000000720200000, 0x0000000720400000|  0%| F|  |TAMS 0x0000000720200000, 0x0000000720200000| Untracked 
| 248|0x0000000720400000, 0x0000000720400000, 0x0000000720600000|  0%| F|  |TAMS 0x0000000720400000, 0x0000000720400000| Untracked 
| 249|0x0000000720600000, 0x0000000720600000, 0x0000000720800000|  0%| F|  |TAMS 0x0000000720600000, 0x0000000720600000| Untracked 
| 250|0x0000000720800000, 0x0000000720800000, 0x0000000720a00000|  0%| F|  |TAMS 0x0000000720800000, 0x0000000720800000| Untracked 
| 251|0x0000000720a00000, 0x0000000720a00000, 0x0000000720c00000|  0%| F|  |TAMS 0x0000000720a00000, 0x0000000720a00000| Untracked 
| 252|0x0000000720c00000, 0x0000000720c00000, 0x0000000720e00000|  0%| F|  |TAMS 0x0000000720c00000, 0x0000000720c00000| Untracked 
| 253|0x0000000720e00000, 0x0000000720e00000, 0x0000000721000000|  0%| F|  |TAMS 0x0000000720e00000, 0x0000000720e00000| Untracked 
| 254|0x0000000721000000, 0x0000000721000000, 0x0000000721200000|  0%| F|  |TAMS 0x0000000721000000, 0x0000000721000000| Untracked 
| 255|0x0000000721200000, 0x0000000721200000, 0x0000000721400000|  0%| F|  |TAMS 0x0000000721200000, 0x0000000721200000| Untracked 
| 256|0x0000000721400000, 0x0000000721400000, 0x0000000721600000|  0%| F|  |TAMS 0x0000000721400000, 0x0000000721400000| Untracked 
| 257|0x0000000721600000, 0x0000000721600000, 0x0000000721800000|  0%| F|  |TAMS 0x0000000721600000, 0x0000000721600000| Untracked 
| 258|0x0000000721800000, 0x0000000721800000, 0x0000000721a00000|  0%| F|  |TAMS 0x0000000721800000, 0x0000000721800000| Untracked 
| 259|0x0000000721a00000, 0x0000000721a00000, 0x0000000721c00000|  0%| F|  |TAMS 0x0000000721a00000, 0x0000000721a00000| Untracked 
| 260|0x0000000721c00000, 0x0000000721c00000, 0x0000000721e00000|  0%| F|  |TAMS 0x0000000721c00000, 0x0000000721c00000| Untracked 
| 261|0x0000000721e00000, 0x0000000721e00000, 0x0000000722000000|  0%| F|  |TAMS 0x0000000721e00000, 0x0000000721e00000| Untracked 
| 262|0x0000000722000000, 0x0000000722000000, 0x0000000722200000|  0%| F|  |TAMS 0x0000000722000000, 0x0000000722000000| Untracked 
| 263|0x0000000722200000, 0x0000000722200000, 0x0000000722400000|  0%| F|  |TAMS 0x0000000722200000, 0x0000000722200000| Untracked 
| 264|0x0000000722400000, 0x0000000722400000, 0x0000000722600000|  0%| F|  |TAMS 0x0000000722400000, 0x0000000722400000| Untracked 
| 265|0x0000000722600000, 0x0000000722600000, 0x0000000722800000|  0%| F|  |TAMS 0x0000000722600000, 0x0000000722600000| Untracked 
| 266|0x0000000722800000, 0x0000000722800000, 0x0000000722a00000|  0%| F|  |TAMS 0x0000000722800000, 0x0000000722800000| Untracked 
| 267|0x0000000722a00000, 0x0000000722a00000, 0x0000000722c00000|  0%| F|  |TAMS 0x0000000722a00000, 0x0000000722a00000| Untracked 
| 268|0x0000000722c00000, 0x0000000722c00000, 0x0000000722e00000|  0%| F|  |TAMS 0x0000000722c00000, 0x0000000722c00000| Untracked 
| 269|0x0000000722e00000, 0x0000000722e00000, 0x0000000723000000|  0%| F|  |TAMS 0x0000000722e00000, 0x0000000722e00000| Untracked 
| 270|0x0000000723000000, 0x0000000723000000, 0x0000000723200000|  0%| F|  |TAMS 0x0000000723000000, 0x0000000723000000| Untracked 
| 271|0x0000000723200000, 0x0000000723200000, 0x0000000723400000|  0%| F|  |TAMS 0x0000000723200000, 0x0000000723200000| Untracked 
| 272|0x0000000723400000, 0x0000000723400000, 0x0000000723600000|  0%| F|  |TAMS 0x0000000723400000, 0x0000000723400000| Untracked 
| 273|0x0000000723600000, 0x0000000723600000, 0x0000000723800000|  0%| F|  |TAMS 0x0000000723600000, 0x0000000723600000| Untracked 
| 274|0x0000000723800000, 0x0000000723800000, 0x0000000723a00000|  0%| F|  |TAMS 0x0000000723800000, 0x0000000723800000| Untracked 
| 275|0x0000000723a00000, 0x0000000723a00000, 0x0000000723c00000|  0%| F|  |TAMS 0x0000000723a00000, 0x0000000723a00000| Untracked 
| 276|0x0000000723c00000, 0x0000000723c00000, 0x0000000723e00000|  0%| F|  |TAMS 0x0000000723c00000, 0x0000000723c00000| Untracked 
| 277|0x0000000723e00000, 0x0000000724000000, 0x0000000724000000|100%| S|CS|TAMS 0x0000000723e00000, 0x0000000723e00000| Complete 
| 278|0x0000000724000000, 0x0000000724200000, 0x0000000724200000|100%| S|CS|TAMS 0x0000000724000000, 0x0000000724000000| Complete 
| 279|0x0000000724200000, 0x0000000724200000, 0x0000000724400000|  0%| F|  |TAMS 0x0000000724200000, 0x0000000724200000| Untracked 
| 280|0x0000000724400000, 0x0000000724400000, 0x0000000724600000|  0%| F|  |TAMS 0x0000000724400000, 0x0000000724400000| Untracked 
| 281|0x0000000724600000, 0x0000000724600000, 0x0000000724800000|  0%| F|  |TAMS 0x0000000724600000, 0x0000000724600000| Untracked 
| 282|0x0000000724800000, 0x0000000724800000, 0x0000000724a00000|  0%| F|  |TAMS 0x0000000724800000, 0x0000000724800000| Untracked 
| 283|0x0000000724a00000, 0x0000000724a00000, 0x0000000724c00000|  0%| F|  |TAMS 0x0000000724a00000, 0x0000000724a00000| Untracked 
| 284|0x0000000724c00000, 0x0000000724c00000, 0x0000000724e00000|  0%| F|  |TAMS 0x0000000724c00000, 0x0000000724c00000| Untracked 
| 285|0x0000000724e00000, 0x0000000724e00000, 0x0000000725000000|  0%| F|  |TAMS 0x0000000724e00000, 0x0000000724e00000| Untracked 
| 286|0x0000000725000000, 0x0000000725000000, 0x0000000725200000|  0%| F|  |TAMS 0x0000000725000000, 0x0000000725000000| Untracked 
| 287|0x0000000725200000, 0x0000000725200000, 0x0000000725400000|  0%| F|  |TAMS 0x0000000725200000, 0x0000000725200000| Untracked 
| 288|0x0000000725400000, 0x0000000725400000, 0x0000000725600000|  0%| F|  |TAMS 0x0000000725400000, 0x0000000725400000| Untracked 

Card table byte_map: [0x000001cbfd430000,0x000001cbfdc30000] _byte_map_base: 0x000001cbf9c26000

Marking Bits (Prev, Next): (CMBitMap*) 0x000001cbf6c24480, (CMBitMap*) 0x000001cbf6c244c0
 Prev Bits: [0x000001cb8f000000, 0x000001cb92fb0000)
 Next Bits: [0x000001cb92fb0000, 0x000001cb96f60000)

Polling page: 0x000001cbf6fe0000

Metaspace:

Usage:
  Non-class:      8.17 MB used.
      Class:    793.35 KB used.
       Both:      8.95 MB used.

Virtual space:
  Non-class space:       64.00 MB reserved,       8.25 MB ( 13%) committed,  1 nodes.
      Class space:        1.00 GB reserved,     896.00 KB ( <1%) committed,  1 nodes.
             Both:        1.06 GB reserved,       9.12 MB ( <1%) committed. 

Chunk freelists:
   Non-Class:  6.94 MB
       Class:  15.18 MB
        Both:  22.11 MB

MaxMetaspaceSize: unlimited
CompressedClassSpaceSize: 1.00 GB
Initial GC threshold: 21.00 MB
Current GC threshold: 21.00 MB
CDS: off
MetaspaceReclaimPolicy: balanced
 - commit_granule_bytes: 65536.
 - commit_granule_words: 8192.
 - virtual_space_node_default_size: 8388608.
 - enlarge_chunks_in_place: 1.
 - new_chunks_are_fully_committed: 0.
 - uncommit_free_chunks: 1.
 - use_allocation_guard: 0.
 - handle_deallocations: 1.


Internal statistics:

num_allocs_failed_limit: 0.
num_arena_births: 34.
num_arena_deaths: 0.
num_vsnodes_births: 2.
num_vsnodes_deaths: 0.
num_space_committed: 146.
num_space_uncommitted: 0.
num_chunks_returned_to_freelist: 0.
num_chunks_taken_from_freelist: 103.
num_chunk_merges: 0.
num_chunk_splits: 53.
num_chunks_enlarged: 38.
num_inconsistent_stats: 0.

CodeHeap 'non-profiled nmethods': size=119168Kb used=674Kb max_used=674Kb free=118494Kb
 bounds [0x000001cb87ba0000, 0x000001cb87e10000, 0x000001cb8f000000]
CodeHeap 'profiled nmethods': size=119104Kb used=1730Kb max_used=1730Kb free=117373Kb
 bounds [0x000001cb80000000, 0x000001cb80270000, 0x000001cb87450000]
CodeHeap 'non-nmethods': size=7488Kb used=2838Kb max_used=2855Kb free=4649Kb
 bounds [0x000001cb87450000, 0x000001cb87720000, 0x000001cb87ba0000]
 total_blobs=1586 nmethods=1175 adapters=319
 compilation: enabled
              stopped_count=0, restarted_count=0
 full_count=0

Compilation events (20 events):
Event: 1.425 Thread 0x000001cbff72df60 nmethod 1202 0x000001cb801a8f10 code [0x000001cb801a90c0, 0x000001cb801a9398]
Event: 1.425 Thread 0x000001cbff825be0 1204       3       java.lang.AbstractStringBuilder::append (63 bytes)
Event: 1.425 Thread 0x000001cb9dbd1580 1205       3       java.lang.AbstractStringBuilder::appendChars (207 bytes)
Event: 1.425 Thread 0x000001cbff72df60 1206       3       sun.nio.fs.WindowsPathParser::nextNonSlash (24 bytes)
Event: 1.425 Thread 0x000001cbff60bad0 nmethod 1203 0x000001cb801a9490 code [0x000001cb801a9620, 0x000001cb801a9768]
Event: 1.425 Thread 0x000001cbff825be0 nmethod 1204 0x000001cb801a9810 code [0x000001cb801a9a00, 0x000001cb801a9f68]
Event: 1.425 Thread 0x000001cbff72df60 nmethod 1206 0x000001cb801aa110 code [0x000001cb801aa320, 0x000001cb801aaa58]
Event: 1.426 Thread 0x000001cb9dbd1580 nmethod 1205 0x000001cb801aad90 code [0x000001cb801ab040, 0x000001cb801abfa8]
Event: 1.427 Thread 0x000001cbff825be0 1208   !   3       jdk.internal.ref.PhantomCleanable::insert (53 bytes)
Event: 1.427 Thread 0x000001cbff72df60 1207       3       jdk.internal.ref.PhantomCleanable::<init> (49 bytes)
Event: 1.428 Thread 0x000001cbff825be0 nmethod 1208 0x000001cb801ac510 code [0x000001cb801ac6c0, 0x000001cb801aca58]
Event: 1.428 Thread 0x000001cbff72df60 nmethod 1207 0x000001cb801acc10 code [0x000001cb801ace60, 0x000001cb801ad9b8]
Event: 1.428 Thread 0x000001cbff72df60 1209       3       jdk.internal.ref.CleanerFactory::cleaner (4 bytes)
Event: 1.428 Thread 0x000001cbff72df60 nmethod 1209 0x000001cb801add10 code [0x000001cb801adea0, 0x000001cb801adf98]
Event: 1.435 Thread 0x000001cbff60bad0 1210   !   3       sun.nio.fs.WindowsPath::getPathForWin32Calls (135 bytes)
Event: 1.435 Thread 0x000001cbff72df60 1211       3       sun.nio.fs.WindowsPath::isAbsolute (26 bytes)
Event: 1.435 Thread 0x000001cbff72df60 nmethod 1211 0x000001cb801ae010 code [0x000001cb801ae1a0, 0x000001cb801ae358]
Event: 1.436 Thread 0x000001cbff60bad0 nmethod 1210 0x000001cb801ae410 code [0x000001cb801ae6c0, 0x000001cb801af518]
Event: 1.444 Thread 0x000001cbff72df60 1214       3       sun.nio.fs.WindowsFileAttributes::isSymbolicLink (15 bytes)
Event: 1.444 Thread 0x000001cbff72df60 nmethod 1214 0x000001cb801af990 code [0x000001cb801afb20, 0x000001cb801afc98]

GC Heap History (16 events):
Event: 0.397 GC heap before
{Heap before GC invocations=0 (full 0):
 garbage-first heap   total 262144K, used 20480K [0x0000000701400000, 0x0000000800000000)
  region size 2048K, 11 young (22528K), 0 survivors (0K)
 Metaspace       used 6660K, committed 6784K, reserved 1114112K
  class space    used 564K, committed 640K, reserved 1048576K
}
Event: 0.407 GC heap after
{Heap after GC invocations=1 (full 0):
 garbage-first heap   total 262144K, used 17961K [0x0000000701400000, 0x0000000800000000)
  region size 2048K, 2 young (4096K), 2 survivors (4096K)
 Metaspace       used 6660K, committed 6784K, reserved 1114112K
  class space    used 564K, committed 640K, reserved 1048576K
}
Event: 0.459 GC heap before
{Heap before GC invocations=1 (full 0):
 garbage-first heap   total 262144K, used 28201K [0x0000000701400000, 0x0000000800000000)
  region size 2048K, 8 young (16384K), 2 survivors (4096K)
 Metaspace       used 6781K, committed 6912K, reserved 1114112K
  class space    used 576K, committed 640K, reserved 1048576K
}
Event: 0.465 GC heap after
{Heap after GC invocations=2 (full 0):
 garbage-first heap   total 262144K, used 26410K [0x0000000701400000, 0x0000000800000000)
  region size 2048K, 1 young (2048K), 1 survivors (2048K)
 Metaspace       used 6781K, committed 6912K, reserved 1114112K
  class space    used 576K, committed 640K, reserved 1048576K
}
Event: 0.514 GC heap before
{Heap before GC invocations=2 (full 0):
 garbage-first heap   total 262144K, used 50986K [0x0000000701400000, 0x0000000800000000)
  region size 2048K, 13 young (26624K), 1 survivors (2048K)
 Metaspace       used 6781K, committed 6912K, reserved 1114112K
  class space    used 576K, committed 640K, reserved 1048576K
}
Event: 0.525 GC heap after
{Heap after GC invocations=3 (full 0):
 garbage-first heap   total 262144K, used 41578K [0x0000000701400000, 0x0000000800000000)
  region size 2048K, 2 young (4096K), 2 survivors (4096K)
 Metaspace       used 6781K, committed 6912K, reserved 1114112K
  class space    used 576K, committed 640K, reserved 1048576K
}
Event: 0.556 GC heap before
{Heap before GC invocations=3 (full 0):
 garbage-first heap   total 262144K, used 66154K [0x0000000701400000, 0x0000000800000000)
  region size 2048K, 14 young (28672K), 2 survivors (4096K)
 Metaspace       used 6787K, committed 6912K, reserved 1114112K
  class space    used 576K, committed 640K, reserved 1048576K
}
Event: 0.571 GC heap after
{Heap after GC invocations=4 (full 0):
 garbage-first heap   total 262144K, used 57344K [0x0000000701400000, 0x0000000800000000)
  region size 2048K, 2 young (4096K), 2 survivors (4096K)
 Metaspace       used 6787K, committed 6912K, reserved 1114112K
  class space    used 576K, committed 640K, reserved 1048576K
}
Event: 0.584 GC heap before
{Heap before GC invocations=4 (full 0):
 garbage-first heap   total 262144K, used 73728K [0x0000000701400000, 0x0000000800000000)
  region size 2048K, 10 young (20480K), 2 survivors (4096K)
 Metaspace       used 6787K, committed 6912K, reserved 1114112K
  class space    used 576K, committed 640K, reserved 1048576K
}
Event: 0.834 GC heap after
{Heap after GC invocations=5 (full 0):
 garbage-first heap   total 591872K, used 68462K [0x0000000701400000, 0x0000000800000000)
  region size 2048K, 2 young (4096K), 2 survivors (4096K)
 Metaspace       used 6787K, committed 6912K, reserved 1114112K
  class space    used 576K, committed 640K, reserved 1048576K
}
Event: 0.861 GC heap before
{Heap before GC invocations=5 (full 0):
 garbage-first heap   total 591872K, used 93038K [0x0000000701400000, 0x0000000800000000)
  region size 2048K, 14 young (28672K), 2 survivors (4096K)
 Metaspace       used 6787K, committed 6912K, reserved 1114112K
  class space    used 576K, committed 640K, reserved 1048576K
}
Event: 0.872 GC heap after
{Heap after GC invocations=6 (full 0):
 garbage-first heap   total 591872K, used 85493K [0x0000000701400000, 0x0000000800000000)
  region size 2048K, 2 young (4096K), 2 survivors (4096K)
 Metaspace       used 6787K, committed 6912K, reserved 1114112K
  class space    used 576K, committed 640K, reserved 1048576K
}
Event: 0.921 GC heap before
{Heap before GC invocations=6 (full 0):
 garbage-first heap   total 591872K, used 110069K [0x0000000701400000, 0x0000000800000000)
  region size 2048K, 14 young (28672K), 2 survivors (4096K)
 Metaspace       used 7066K, committed 7232K, reserved 1114112K
  class space    used 608K, committed 704K, reserved 1048576K
}
Event: 0.931 GC heap after
{Heap after GC invocations=7 (full 0):
 garbage-first heap   total 591872K, used 102162K [0x0000000701400000, 0x0000000800000000)
  region size 2048K, 2 young (4096K), 2 survivors (4096K)
 Metaspace       used 7066K, committed 7232K, reserved 1114112K
  class space    used 608K, committed 704K, reserved 1048576K
}
Event: 1.223 GC heap before
{Heap before GC invocations=7 (full 0):
 garbage-first heap   total 591872K, used 157458K [0x0000000701400000, 0x0000000800000000)
  region size 2048K, 30 young (61440K), 2 survivors (4096K)
 Metaspace       used 9137K, committed 9280K, reserved 1114112K
  class space    used 793K, committed 896K, reserved 1048576K
}
Event: 1.249 GC heap after
{Heap after GC invocations=8 (full 0):
 garbage-first heap   total 591872K, used 140687K [0x0000000701400000, 0x0000000800000000)
  region size 2048K, 4 young (8192K), 4 survivors (8192K)
 Metaspace       used 9137K, committed 9280K, reserved 1114112K
  class space    used 793K, committed 896K, reserved 1048576K
}

Dll operation events (7 events):
Event: 0.010 Loaded shared library C:\Users\maska\AppData\Roaming\PrismLauncher\java\java-runtime-gamma\bin\java.dll
Event: 0.152 Loaded shared library C:\Users\maska\AppData\Roaming\PrismLauncher\java\java-runtime-gamma\bin\jsvml.dll
Event: 0.228 Loaded shared library C:\Users\maska\AppData\Roaming\PrismLauncher\java\java-runtime-gamma\bin\net.dll
Event: 0.230 Loaded shared library C:\Users\maska\AppData\Roaming\PrismLauncher\java\java-runtime-gamma\bin\nio.dll
Event: 0.238 Loaded shared library C:\Users\maska\AppData\Roaming\PrismLauncher\java\java-runtime-gamma\bin\zip.dll
Event: 1.028 Loaded shared library C:\Users\maska\AppData\Roaming\PrismLauncher\java\java-runtime-gamma\bin\verify.dll
Event: 1.039 Loaded shared library C:\Users\maska\AppData\Roaming\PrismLauncher\java\java-runtime-gamma\bin\jimage.dll

Deoptimization events (20 events):
Event: 1.299 Thread 0x000001cbf6bb69a0 Uncommon trap: trap_request=0xffffff45 fr.pc=0x000001cb87c33e30 relative=0x0000000000001170
Event: 1.299 Thread 0x000001cbf6bb69a0 Uncommon trap: reason=unstable_if action=reinterpret pc=0x000001cb87c33e30 method=java.util.HashMap.containsKey(Ljava/lang/Object;)Z @ 5 c2
Event: 1.299 Thread 0x000001cbf6bb69a0 DEOPT PACKING pc=0x000001cb87c33e30 sp=0x000000996ebfeed0
Event: 1.299 Thread 0x000001cbf6bb69a0 DEOPT UNPACKING pc=0x000001cb874a69a3 sp=0x000000996ebfee60 mode 2
Event: 1.301 Thread 0x000001cbf6bb69a0 Uncommon trap: trap_request=0xffffff45 fr.pc=0x000001cb87c26da8 relative=0x00000000000004e8
Event: 1.301 Thread 0x000001cbf6bb69a0 Uncommon trap: reason=unstable_if action=reinterpret pc=0x000001cb87c26da8 method=java.util.HashMap.getNode(Ljava/lang/Object;)Ljava/util/HashMap$Node; @ 145 c2
Event: 1.301 Thread 0x000001cbf6bb69a0 DEOPT PACKING pc=0x000001cb87c26da8 sp=0x000000996ebfee50
Event: 1.301 Thread 0x000001cbf6bb69a0 DEOPT UNPACKING pc=0x000001cb874a69a3 sp=0x000000996ebfedf0 mode 2
Event: 1.354 Thread 0x000001cbf6bb69a0 Uncommon trap: trap_request=0xffffff45 fr.pc=0x000001cb87c30ed4 relative=0x0000000000000bf4
Event: 1.354 Thread 0x000001cbf6bb69a0 Uncommon trap: reason=unstable_if action=reinterpret pc=0x000001cb87c30ed4 method=java.time.zone.ZoneRules.findOffsetInfo(Ljava/time/LocalDateTime;Ljava/time/zone/ZoneOffsetTransition;)Ljava/lang/Object; @ 48 c2
Event: 1.354 Thread 0x000001cbf6bb69a0 DEOPT PACKING pc=0x000001cb87c30ed4 sp=0x000000996ebfe6f0
Event: 1.354 Thread 0x000001cbf6bb69a0 DEOPT UNPACKING pc=0x000001cb874a69a3 sp=0x000000996ebfe6a0 mode 2
Event: 1.377 Thread 0x000001cbf6bb69a0 Uncommon trap: trap_request=0xffffff45 fr.pc=0x000001cb87c2c47c relative=0x000000000000007c
Event: 1.377 Thread 0x000001cbf6bb69a0 Uncommon trap: reason=unstable_if action=reinterpret pc=0x000001cb87c2c47c method=java.time.LocalDate.compareTo0(Ljava/time/LocalDate;)I @ 25 c2
Event: 1.377 Thread 0x000001cbf6bb69a0 DEOPT PACKING pc=0x000001cb87c2c47c sp=0x000000996ebfe680
Event: 1.377 Thread 0x000001cbf6bb69a0 DEOPT UNPACKING pc=0x000001cb874a69a3 sp=0x000000996ebfe608 mode 2
Event: 1.404 Thread 0x000001cbf6bb69a0 Uncommon trap: trap_request=0xffffff45 fr.pc=0x000001cb87bc638c relative=0x000000000000108c
Event: 1.404 Thread 0x000001cbf6bb69a0 Uncommon trap: reason=unstable_if action=reinterpret pc=0x000001cb87bc638c method=java.util.HashMap.putVal(ILjava/lang/Object;Ljava/lang/Object;ZZ)Ljava/lang/Object; @ 81 c2
Event: 1.404 Thread 0x000001cbf6bb69a0 DEOPT PACKING pc=0x000001cb87bc638c sp=0x000000996ebfed10
Event: 1.404 Thread 0x000001cbf6bb69a0 DEOPT UNPACKING pc=0x000001cb874a69a3 sp=0x000000996ebfecc0 mode 2

Classes loaded (20 events):
Event: 1.117 Loading class java/time/zone/ZoneOffsetTransitionRule$TimeDefinition
Event: 1.117 Loading class java/time/zone/ZoneOffsetTransitionRule$TimeDefinition done
Event: 1.117 Loading class java/time/zone/ZoneOffsetTransition
Event: 1.117 Loading class java/time/zone/ZoneOffsetTransition done
Event: 1.117 Loading class java/time/chrono/IsoChronology
Event: 1.117 Loading class java/time/chrono/AbstractChronology
Event: 1.118 Loading class java/time/chrono/Chronology
Event: 1.118 Loading class java/time/chrono/Chronology done
Event: 1.118 Loading class java/time/chrono/AbstractChronology done
Event: 1.118 Loading class java/time/chrono/IsoChronology done
Event: 1.119 Loading class java/util/concurrent/TimeUnit$1
Event: 1.119 Loading class java/util/concurrent/TimeUnit$1 done
Event: 1.120 Loading class java/time/temporal/TemporalAdjusters
Event: 1.120 Loading class java/time/temporal/TemporalAdjusters done
Event: 1.121 Loading class java/time/LocalDate$1
Event: 1.121 Loading class java/time/LocalDate$1 done
Event: 1.121 Loading class java/time/zone/ZoneOffsetTransitionRule$1
Event: 1.121 Loading class java/time/zone/ZoneOffsetTransitionRule$1 done
Event: 1.215 Loading class java/util/concurrent/locks/AbstractQueuedSynchronizer$Node
Event: 1.216 Loading class java/util/concurrent/locks/AbstractQueuedSynchronizer$Node done

Classes unloaded (0 events):
No events

Classes redefined (0 events):
No events

Internal exceptions (10 events):
Event: 0.302 Thread 0x000001cbf6bb69a0 Exception <a 'java/lang/NoSuchMethodError'{0x00000007110d1038}: 'void java.lang.invoke.DirectMethodHandle$Holder.invokeStatic(java.lang.Object, java.lang.Object)'> (0x00000007110d1038) 
thrown [s\src\hotspot\share\interpreter\linkResolver.cpp, line 759]
Event: 0.897 Thread 0x000001cbf6bb69a0 Exception <a 'java/lang/NoSuchMethodError'{0x000000072400fe78}: 'java.lang.Object java.lang.invoke.DirectMethodHandle$Holder.newInvokeSpecial(java.lang.Object, java.lang.Object, int, int)'> (0x000000072400fe78) 
thrown [s\src\hotspot\share\interpreter\linkResolver.cpp, line 759]
Event: 0.901 Thread 0x000001cbf6bb69a0 Exception <a 'java/lang/NoSuchMethodError'{0x0000000724028d80}: 'void java.lang.invoke.DirectMethodHandle$Holder.invokeStatic(java.lang.Object, java.lang.Object, int, int, java.lang.Object)'> (0x0000000724028d80) 
thrown [s\src\hotspot\share\interpreter\linkResolver.cpp, line 759]
Event: 1.021 Thread 0x000001cbf6bb69a0 Exception <a 'java/lang/NoSuchMethodError'{0x00000007229d9cc8}: 'java.lang.Object java.lang.invoke.DirectMethodHandle$Holder.invokeStatic(java.lang.Object, java.lang.Object, int, java.lang.Object)'> (0x00000007229d9cc8) 
thrown [s\src\hotspot\share\interpreter\linkResolver.cpp, line 759]
Event: 1.021 Thread 0x000001cbf6bb69a0 Exception <a 'java/lang/NoSuchMethodError'{0x00000007229e16a8}: 'java.lang.Object java.lang.invoke.DirectMethodHandle$Holder.newInvokeSpecial(java.lang.Object, java.lang.Object, int)'> (0x00000007229e16a8) 
thrown [s\src\hotspot\share\interpreter\linkResolver.cpp, line 759]
Event: 1.032 Thread 0x000001cbf6bb69a0 Exception <a 'java/lang/NoSuchMethodError'{0x00000007226a5ba8}: 'void java.lang.invoke.DirectMethodHandle$Holder.invokeStatic(java.lang.Object, java.lang.Object, java.lang.Object)'> (0x00000007226a5ba8) 
thrown [s\src\hotspot\share\interpreter\linkResolver.cpp, line 759]
Event: 1.065 Thread 0x000001cbf6bb69a0 Exception <a 'java/lang/NoSuchMethodError'{0x000000072274e2c8}: 'java.lang.Object java.lang.invoke.DirectMethodHandle$Holder.invokeStaticInit(java.lang.Object)'> (0x000000072274e2c8) 
thrown [s\src\hotspot\share\interpreter\linkResolver.cpp, line 759]
Event: 1.094 Thread 0x000001cbf6bb69a0 Exception <a 'java/lang/NoSuchMethodError'{0x000000072243bde0}: 'void java.lang.invoke.DirectMethodHandle$Holder.invokeVirtual(java.lang.Object, java.lang.Object)'> (0x000000072243bde0) 
thrown [s\src\hotspot\share\interpreter\linkResolver.cpp, line 759]
Event: 1.120 Thread 0x000001cbf6bb69a0 Exception <a 'java/lang/NoSuchMethodError'{0x00000007224c5730}: 'java.lang.Object java.lang.invoke.DirectMethodHandle$Holder.invokeStatic(java.lang.Object, int, java.lang.Object)'> (0x00000007224c5730) 
thrown [s\src\hotspot\share\interpreter\linkResolver.cpp, line 759]
Event: 1.299 Thread 0x000001cbf6bb69a0 Implicit null exception at 0x000001cb87c32f9f to 0x000001cb87c33e08

VM Operations (20 events):
Event: 0.397 Executing VM operation: G1CollectForAllocation
Event: 0.407 Executing VM operation: G1CollectForAllocation done
Event: 0.410 Executing VM operation: HandshakeAllThreads
Event: 0.410 Executing VM operation: HandshakeAllThreads done
Event: 0.459 Executing VM operation: G1CollectForAllocation
Event: 0.465 Executing VM operation: G1CollectForAllocation done
Event: 0.514 Executing VM operation: G1CollectForAllocation
Event: 0.526 Executing VM operation: G1CollectForAllocation done
Event: 0.556 Executing VM operation: G1CollectForAllocation
Event: 0.571 Executing VM operation: G1CollectForAllocation done
Event: 0.584 Executing VM operation: G1CollectForAllocation
Event: 0.834 Executing VM operation: G1CollectForAllocation done
Event: 0.860 Executing VM operation: G1CollectForAllocation
Event: 0.872 Executing VM operation: G1CollectForAllocation done
Event: 0.921 Executing VM operation: G1CollectForAllocation
Event: 0.931 Executing VM operation: G1CollectForAllocation done
Event: 1.047 Executing VM operation: HandshakeAllThreads
Event: 1.047 Executing VM operation: HandshakeAllThreads done
Event: 1.223 Executing VM operation: G1CollectForAllocation
Event: 1.249 Executing VM operation: G1CollectForAllocation done

Memory protections (0 events):
No events

Nmethod flushes (0 events):
No events

Events (17 events):
Event: 0.152 Thread 0x000001cbf6bb69a0 Thread added: 0x000001cbf6bb69a0
Event: 0.162 Thread 0x000001cbf6bb69a0 Thread added: 0x000001cbff5b2500
Event: 0.163 Thread 0x000001cbf6bb69a0 Thread added: 0x000001cbff5b3fe0
Event: 0.182 Thread 0x000001cbf6bb69a0 Thread added: 0x000001cbff5ead20
Event: 0.182 Thread 0x000001cbf6bb69a0 Thread added: 0x000001cbff5eb5f0
Event: 0.183 Thread 0x000001cbf6bb69a0 Thread added: 0x000001cbff5ec2c0
Event: 0.183 Thread 0x000001cbf6bb69a0 Thread added: 0x000001cbff5ecb90
Event: 0.183 Thread 0x000001cbf6bb69a0 Thread added: 0x000001cbff60b1c0
Event: 0.183 Thread 0x000001cbf6bb69a0 Thread added: 0x000001cbff60bad0
Event: 0.183 Thread 0x000001cbf6bb69a0 Thread added: 0x000001cbff6103f0
Event: 0.210 Thread 0x000001cbff60bad0 Thread added: 0x000001cbff72df60
Event: 0.213 Thread 0x000001cbf6bb69a0 Thread added: 0x000001cbff7a3da0
Event: 0.219 Thread 0x000001cbf6bb69a0 Thread added: 0x000001cbff7b0700
Event: 0.302 Thread 0x000001cbff72df60 Thread added: 0x000001cbff825be0
Event: 0.345 Thread 0x000001cbff825be0 Thread added: 0x000001cbff8a89e0
Event: 0.366 Thread 0x000001cbff8a89e0 Thread added: 0x000001cb9d107dc0
Event: 1.167 Thread 0x000001cbff60bad0 Thread added: 0x000001cb9dbd1580


Dynamic libraries:
0x00007ff7e3db0000 - 0x00007ff7e3dbe000 	C:\Users\maska\AppData\Roaming\PrismLauncher\java\java-runtime-gamma\bin\java.exe
0x00007ffb563c0000 - 0x00007ffb56627000 	C:\WINDOWS\SYSTEM32\ntdll.dll
0x00007ffb55c20000 - 0x00007ffb55ce9000 	C:\WINDOWS\System32\KERNEL32.DLL
0x00007ffb53840000 - 0x00007ffb53c37000 	C:\WINDOWS\System32\KERNELBASE.dll
0x00007ffb53d00000 - 0x00007ffb53e4b000 	C:\WINDOWS\System32\ucrtbase.dll
0x00007ffb3bab0000 - 0x00007ffb3bacd000 	C:\Users\maska\AppData\Roaming\PrismLauncher\java\java-runtime-gamma\bin\VCRUNTIME140.dll
0x00007ffb3be50000 - 0x00007ffb3be67000 	C:\Users\maska\AppData\Roaming\PrismLauncher\java\java-runtime-gamma\bin\jli.dll
0x00007ffb54310000 - 0x00007ffb544d6000 	C:\WINDOWS\System32\USER32.dll
0x00007ffb379b0000 - 0x00007ffb37c42000 	C:\WINDOWS\WinSxS\amd64_microsoft.windows.common-controls_6595b64144ccf1df_6.0.26100.8457_none_3e0b2faee331e92d\COMCTL32.dll
0x00007ffb53c40000 - 0x00007ffb53c67000 	C:\WINDOWS\System32\win32u.dll
0x00007ffb560a0000 - 0x00007ffb56149000 	C:\WINDOWS\System32\msvcrt.dll
0x00007ffb554e0000 - 0x00007ffb5550b000 	C:\WINDOWS\System32\GDI32.dll
0x00007ffb52df0000 - 0x00007ffb52f1c000 	C:\WINDOWS\System32\gdi32full.dll
0x00007ffb53790000 - 0x00007ffb53833000 	C:\WINDOWS\System32\msvcp_win.dll
0x00007ffb55be0000 - 0x00007ffb55c12000 	C:\WINDOWS\System32\IMM32.DLL
0x00007ffb3ff00000 - 0x00007ffb3ff0c000 	C:\Users\maska\AppData\Roaming\PrismLauncher\java\java-runtime-gamma\bin\vcruntime140_1.dll
0x00007ffb2e1a0000 - 0x00007ffb2e22d000 	C:\Users\maska\AppData\Roaming\PrismLauncher\java\java-runtime-gamma\bin\msvcp140.dll
0x00007ffafed00000 - 0x00007ffaff972000 	C:\Users\maska\AppData\Roaming\PrismLauncher\java\java-runtime-gamma\bin\server\jvm.dll
0x00007ffb545f0000 - 0x00007ffb546a6000 	C:\WINDOWS\System32\ADVAPI32.dll
0x00007ffb54920000 - 0x00007ffb549c7000 	C:\WINDOWS\System32\sechost.dll
0x00007ffb55510000 - 0x00007ffb55628000 	C:\WINDOWS\System32\RPCRT4.dll
0x00007ffb546b0000 - 0x00007ffb54730000 	C:\WINDOWS\System32\WS2_32.dll
0x00007ffb466c0000 - 0x00007ffb466f6000 	C:\WINDOWS\SYSTEM32\WINMM.dll
0x00007ffb52ba0000 - 0x00007ffb52bfe000 	C:\WINDOWS\SYSTEM32\POWRPROF.dll
0x00007ffb4b770000 - 0x00007ffb4b77b000 	C:\WINDOWS\SYSTEM32\VERSION.dll
0x00007ffb52b80000 - 0x00007ffb52b94000 	C:\WINDOWS\SYSTEM32\UMPDC.dll
0x00007ffb51b80000 - 0x00007ffb51b9b000 	C:\WINDOWS\SYSTEM32\kernel.appcore.dll
0x00007ffb3bf70000 - 0x00007ffb3bf7a000 	C:\Users\maska\AppData\Roaming\PrismLauncher\java\java-runtime-gamma\bin\jimage.dll
0x00007ffb3cd50000 - 0x00007ffb3cf92000 	C:\WINDOWS\SYSTEM32\DBGHELP.DLL
0x00007ffb55150000 - 0x00007ffb554d3000 	C:\WINDOWS\System32\combase.dll
0x00007ffb54840000 - 0x00007ffb54919000 	C:\WINDOWS\System32\OLEAUT32.dll
0x00007ffb37970000 - 0x00007ffb379ab000 	C:\WINDOWS\SYSTEM32\dbgcore.DLL
0x00007ffb53fd0000 - 0x00007ffb54078000 	C:\WINDOWS\System32\bcryptPrimitives.dll
0x00007ffb37650000 - 0x00007ffb37675000 	C:\Users\maska\AppData\Roaming\PrismLauncher\java\java-runtime-gamma\bin\java.dll
0x00007ffb3b710000 - 0x00007ffb3b728000 	C:\Users\maska\AppData\Roaming\PrismLauncher\java\java-runtime-gamma\bin\zip.dll
0x00007ffb1a2e0000 - 0x00007ffb1a3b6000 	C:\Users\maska\AppData\Roaming\PrismLauncher\java\java-runtime-gamma\bin\jsvml.dll
0x00007ffb549d0000 - 0x00007ffb5513e000 	C:\WINDOWS\System32\SHELL32.dll
0x00007ffb52f20000 - 0x00007ffb5378c000 	C:\WINDOWS\System32\windows.storage.dll
0x00007ffb54740000 - 0x00007ffb54836000 	C:\WINDOWS\System32\SHCORE.dll
0x00007ffb541d0000 - 0x00007ffb54236000 	C:\WINDOWS\System32\shlwapi.dll
0x00007ffb52d10000 - 0x00007ffb52d39000 	C:\WINDOWS\SYSTEM32\profapi.dll
0x00007ffb37630000 - 0x00007ffb3764a000 	C:\Users\maska\AppData\Roaming\PrismLauncher\java\java-runtime-gamma\bin\net.dll
0x00007ffb4bdb0000 - 0x00007ffb4bed9000 	C:\WINDOWS\SYSTEM32\WINHTTP.dll
0x00007ffb520f0000 - 0x00007ffb5215c000 	C:\WINDOWS\system32\mswsock.dll
0x00007ffb37520000 - 0x00007ffb37536000 	C:\Users\maska\AppData\Roaming\PrismLauncher\java\java-runtime-gamma\bin\nio.dll
0x00007ffb3bf10000 - 0x00007ffb3bf20000 	C:\Users\maska\AppData\Roaming\PrismLauncher\java\java-runtime-gamma\bin\verify.dll

dbghelp: loaded successfully - version: 4.0.5 - missing functions: none
symbol engine: initialized successfully - sym options: 0x614 - pdb path: .;C:\Users\maska\AppData\Roaming\PrismLauncher\java\java-runtime-gamma\bin;C:\WINDOWS\SYSTEM32;C:\WINDOWS\WinSxS\amd64_microsoft.windows.common-controls_6595b64144ccf1df_6.0.26100.8457_none_3e0b2faee331e92d;C:\Users\maska\AppData\Roaming\PrismLauncher\java\java-runtime-gamma\bin\server

VM Arguments:
jvm_args: -Dfile.encoding=UTF-8 -Duser.country=RU -Duser.language=ru -Duser.variant 
java_command: net.minecraftforge.renamer.Main --input C:\Users\maska\OneDrive\Desktop\BattlefieldMC_ModFiles\build\libs\teamsystem-1.0.0.jar --output C:\Users\maska\OneDrive\Desktop\BattlefieldMC_ModFiles\build\reobfJar\output.jar --names C:\Users\maska\OneDrive\Desktop\BattlefieldMC_ModFiles\build\reobfJar\mappings.tsrg --lib C:\Users\maska\.gradle\caches\forge_gradle\deobf_dependencies\info\journeymap\journeymap-api\1.20-1.9-SNAPSHOT_mapped_official_1.20.1\journeymap-api-1.20-1.9-SNAPSHOT_mapped_official_1.20.1.jar --lib C:\Users\maska\.gradle\caches\modules-2\files-2.1\de.maxhenkel.voicechat\voicechat-api\2.4.6\3378a4cf336a1f86cf29e6d7ca2caca291e6e5c0\voicechat-api-2.4.6.jar --lib C:\Users\maska\.gradle\caches\forge_gradle\minecraft_user_repo\net\minecraftforge\forge\1.20.1-47.3.0_mapped_official_1.20.1\forge-1.20.1-47.3.0_mapped_official_1.20.1.jar --lib C:\Users\maska\.gradle\caches\forge_gradle\minecraft_repo\versions\1.20.1\client-extra.jar --lib C:\Users\maska\.gradle\caches\modules-2\files-2.1\net.minecraftforge\fmlloader\1.20.1-47.3.0\547850469c8a336b4c60cb8619f6cd421e9e5f55\fmlloader-1.20.1-47.3.0.jar --lib C:\Users\maska\.gradle\caches\modules-2\files-2.1\net.minecraftforge\JarJarSelector\0.3.19\376cc9c8ea60720cf027c01fc033de915699801c\JarJarSelector-0.3.19.jar --lib C:\Users\maska\.gradle\caches\modules-2\files-2.1\net.minecraftforge\JarJarMetadata\0.3.19\83feaa9b770e6ac0e96ee4fc23fa89325c5fe2\JarJarMetadata-0.3.19.jar --lib C:\Users\maska\.gradle\caches\modules-2\files-2.1\com.google.guava\guava\31.1-jre\60458f877d055d0c9114d9e1a2efb737b4bc282c\guava-31.1-jre.jar --lib C:\Users\maska\.gradle\caches\modules-2\files-2.1\com.google.code.findbugs\jsr305\3.0.2\25ea2e8b0c338a877313bd4672d3fe056ea78f0d\jsr305-3.0.2.jar --lib C:\Users\maska\.gradle\caches\modules-2\files-2.1\ca.weblite\java-objc-bridge\1.1\1227f9e0666314f9de41477e3ec277e542ed7f7b\java-objc-bridge-1.1.jar --lib C:\Users\maska\.gradle\caches\modules-2\files-2.1\net.minecraftforge\forgespi\7.0.
java_class_path (initial): C:\Users\maska\.gradle\caches\forge_gradle\maven_downloader\net\minecraftforge\renamer\2.0.4\renamer-2.0.4-all.jar
Launcher Type: SUN_STANDARD

[Global flags]
     intx CICompilerCount                          = 12                                        {product} {ergonomic}
     uint ConcGCThreads                            = 3                                         {product} {ergonomic}
     uint G1ConcRefinementThreads                  = 13                                        {product} {ergonomic}
   size_t G1HeapRegionSize                         = 2097152                                   {product} {ergonomic}
    uintx GCDrainStackTargetSize                   = 64                                        {product} {ergonomic}
   size_t InitialHeapSize                          = 268435456                                 {product} {ergonomic}
   size_t MarkStackSize                            = 4194304                                   {product} {ergonomic}
   size_t MaxHeapSize                              = 4273995776                                {product} {ergonomic}
   size_t MaxNewSize                               = 2562719744                                {product} {ergonomic}
   size_t MinHeapDeltaBytes                        = 2097152                                   {product} {ergonomic}
   size_t MinHeapSize                              = 8388608                                   {product} {ergonomic}
    uintx NonNMethodCodeHeapSize                   = 7602480                                {pd product} {ergonomic}
    uintx NonProfiledCodeHeapSize                  = 122027880                              {pd product} {ergonomic}
    uintx ProfiledCodeHeapSize                     = 122027880                              {pd product} {ergonomic}
    uintx ReservedCodeCacheSize                    = 251658240                              {pd product} {ergonomic}
     bool SegmentedCodeCache                       = true                                      {product} {ergonomic}
   size_t SoftMaxHeapSize                          = 4273995776                             {manageable} {ergonomic}
     bool UseCompressedClassPointers               = true                           {product lp64_product} {ergonomic}
     bool UseCompressedOops                        = true                           {product lp64_product} {ergonomic}
     bool UseG1GC                                  = true                                      {product} {ergonomic}
     bool UseLargePagesIndividualAllocation        = false                                  {pd product} {ergonomic}

Logging:
Log output configuration:
 #0: stdout all=warning uptime,level,tags
 #1: stderr all=off uptime,level,tags

Environment Variables:
CLASSPATH=C:\Users\maska\OneDrive\Desktop\BattlefieldMC_ModFiles\\gradle\wrapper\gradle-wrapper.jar
PATH=C:\Program Files\Common Files\Oracle\Java\javapath;C:\WINDOWS\system32;C:\WINDOWS;C:\WINDOWS\System32\Wbem;C:\WINDOWS\System32\WindowsPowerShell\v1.0\;C:\WINDOWS\System32\OpenSSH\;C:\Program Files\dotnet\;C:\Program Files (x86)\NVIDIA Corporation\PhysX\Common;C:\Program Files\NVIDIA Corporation\NVIDIA App\NvDLISR;C:\Program Files\Nefarius Software Solutions\Nefarius VirtualPad Driver Runtime\runtime\x64;C:\Program Files\Mullvad VPN\resources;C:\Program Files\Git\cmd;C:\Users\maska\AppData\Local\Programs\Python\Launcher\;C:\Users\maska\AppData\Local\Microsoft\WindowsApps;D:\steam\steamapps\common\DSX\Main_v3_Beta\;D:\steam\steamapps\common\DSX\Main_v3_Beta\Console;D:\âđĺěĺíűé ěóńîđ\cursor\resources\app\bin;C:\Users\maska\AppData\Local\GitHubDesktop\bin;D:\âđĺěĺíűé ěóńîđ\Microsoft VS Code\bin
USERNAME=maska
OS=Windows_NT
PROCESSOR_IDENTIFIER=AMD64 Family 23 Model 8 Stepping 2, AuthenticAMD
TMP=C:\Users\maska\AppData\Local\Temp
TEMP=C:\Users\maska\AppData\Local\Temp



Periodic native trim disabled


---------------  S Y S T E M  ---------------

OS:
 Windows 11 , 64 bit Build 26100 (10.0.26100.8328)
OS uptime: 6 days 4:50 hours

CPU: total 16 (initial active 16) (16 cores per cpu, 2 threads per core) family 23 model 8 stepping 2 microcode 0x800820d, cx8, cmov, fxsr, ht, mmx, 3dnowpref, sse, sse2, sse3, ssse3, sse4a, sse4.1, sse4.2, popcnt, lzcnt, tsc, tscinvbit, avx, avx2, aes, clmul, bmi1, bmi2, adx, sha, fma, vzeroupper, clflush, clflushopt
Processor Information for the first 16 processors :
  Max Mhz: 3700, Current Mhz: 3700, Mhz Limit: 3700

Memory: 4k page, system-wide physical 16297M (669M free)
TotalPageFile size 46008M (AvailPageFile size 48M)
current process WorkingSet (physical memory assigned to process): 317M, peak: 317M
current process commit charge ("private bytes"): 1887M, peak: 1887M

vm_info: OpenJDK 64-Bit Server VM (17.0.15+6-LTS) for windows-amd64 JRE (17.0.15+6-LTS), built on Apr  9 2025 22:27:25 by "MicrosoftCorporation" with unknown MS VC++:1939

END.
