[17мая2026 02:15:14.997] [main/INFO] [cpw.mods.modlauncher.Launcher/MODLAUNCHER]: ModLauncher running: args [--nogui, --launchTarget, forgeserveruserdev, --gameDir, ., --fml.forgeVersion, 47.1.79, --fml.fmlVersion, 47.1.47, --fml.mcVersion, 1.20.1, --fml.mcpVersion, 20230612.114412]
[17мая2026 02:15:15.003] [main/INFO] [cpw.mods.modlauncher.Launcher/MODLAUNCHER]: ModLauncher 10.0.10+10.0.10+main.22f00f84 starting: java version 17.0.15 by Microsoft; OS Windows 11 arch amd64 version 10.0
[17мая2026 02:15:15.727] [main/INFO] [net.minecraftforge.fml.loading.ImmediateWindowHandler/]: ImmediateWindowProvider not loading because launch target is forgeserveruserdev
[17мая2026 02:15:15.862] [main/INFO] [mixin/]: SpongePowered MIXIN Subsystem Version=0.8.5 Source=union:/C:/Users/maska/.gradle/caches/modules-2/files-2.1/org.spongepowered/mixin/0.8.5/9d1c0c3a304ae6697ecd477218fa61b850bf57fc/mixin-0.8.5.jar%23169!/ Service=ModLauncher Env=SERVER
[17мая2026 02:15:16.306] [main/INFO] [net.minecraftforge.fml.loading.moddiscovery.ModDiscoverer/SCAN]: Found mod file "Chunky-1.3.146.jar" of type MOD with provider {mods folder locator at C:\Users\maska\OneDrive\Desktop\BattlefieldMC_ModFiles\run\mods}
[17мая2026 02:15:16.306] [main/INFO] [net.minecraftforge.fml.loading.moddiscovery.ModDiscoverer/SCAN]: Found mod file "cloth-config-11.1.136-forge.jar" of type MOD with provider {mods folder locator at C:\Users\maska\OneDrive\Desktop\BattlefieldMC_ModFiles\run\mods}
[17мая2026 02:15:16.306] [main/INFO] [net.minecraftforge.fml.loading.moddiscovery.ModDiscoverer/SCAN]: Found mod file "Controlling-forge-1.20.1-12.0.2.jar" of type MOD with provider {mods folder locator at C:\Users\maska\OneDrive\Desktop\BattlefieldMC_ModFiles\run\mods}
[17мая2026 02:15:16.306] [main/INFO] [net.minecraftforge.fml.loading.moddiscovery.ModDiscoverer/SCAN]: Found mod file "coroutil-forge-1.20.1-1.3.7.jar" of type MOD with provider {mods folder locator at C:\Users\maska\OneDrive\Desktop\BattlefieldMC_ModFiles\run\mods}
[17мая2026 02:15:16.306] [main/INFO] [net.minecraftforge.fml.loading.moddiscovery.ModDiscoverer/SCAN]: Found mod file "CreativeCore_FORGE_v2.12.37_mc1.20.1.jar" of type MOD with provider {mods folder locator at C:\Users\maska\OneDrive\Desktop\BattlefieldMC_ModFiles\run\mods}
[17мая2026 02:15:16.307] [main/INFO] [net.minecraftforge.fml.loading.moddiscovery.ModDiscoverer/SCAN]: Found mod file "curios-forge-5.14.1+1.20.1.jar" of type MOD with provider {mods folder locator at C:\Users\maska\OneDrive\Desktop\BattlefieldMC_ModFiles\run\mods}
[17мая2026 02:15:16.307] [main/INFO] [net.minecraftforge.fml.loading.moddiscovery.ModDiscoverer/SCAN]: Found mod file "curios_for_ammo_box-1.20.1-1.1.0.jar" of type MOD with provider {mods folder locator at C:\Users\maska\OneDrive\Desktop\BattlefieldMC_ModFiles\run\mods}
[17мая2026 02:15:16.307] [main/INFO] [net.minecraftforge.fml.loading.moddiscovery.ModDiscoverer/SCAN]: Found mod file "daffas_arsenal-3.4.0.jar" of type MOD with provider {mods folder locator at C:\Users\maska\OneDrive\Desktop\BattlefieldMC_ModFiles\run\mods}
[17мая2026 02:15:16.307] [main/INFO] [net.minecraftforge.fml.loading.moddiscovery.ModDiscoverer/SCAN]: Found mod file "endlessammo-1.2.0.jar" of type MOD with provider {mods folder locator at C:\Users\maska\OneDrive\Desktop\BattlefieldMC_ModFiles\run\mods}
[17мая2026 02:15:16.307] [main/INFO] [net.minecraftforge.fml.loading.moddiscovery.ModDiscoverer/SCAN]: Found mod file "fcp-1.0.1.jar" of type MOD with provider {mods folder locator at C:\Users\maska\OneDrive\Desktop\BattlefieldMC_ModFiles\run\mods}
[17мая2026 02:15:16.307] [main/INFO] [net.minecraftforge.fml.loading.moddiscovery.ModDiscoverer/SCAN]: Found mod file "ferritecore-6.0.1-forge.jar" of type MOD with provider {mods folder locator at C:\Users\maska\OneDrive\Desktop\BattlefieldMC_ModFiles\run\mods}
[17мая2026 02:15:16.308] [main/INFO] [net.minecraftforge.fml.loading.moddiscovery.ModDiscoverer/SCAN]: Found mod file "geckolib-forge-1.20.1-4.8.3.jar" of type MOD with provider {mods folder locator at C:\Users\maska\OneDrive\Desktop\BattlefieldMC_ModFiles\run\mods}
[17мая2026 02:15:16.308] [main/INFO] [net.minecraftforge.fml.loading.moddiscovery.ModDiscoverer/SCAN]: Found mod file "ImmersiveEngineering-1.20.1-10.0.0-169.jar" of type MOD with provider {mods folder locator at C:\Users\maska\OneDrive\Desktop\BattlefieldMC_ModFiles\run\mods}
[17мая2026 02:15:16.308] [main/INFO] [net.minecraftforge.fml.loading.moddiscovery.ModDiscoverer/SCAN]: Found mod file "kotlinforforge-4.12.0-all.jar" of type LIBRARY with provider {mods folder locator at C:\Users\maska\OneDrive\Desktop\BattlefieldMC_ModFiles\run\mods}
[17мая2026 02:15:16.309] [main/INFO] [net.minecraftforge.fml.loading.moddiscovery.ModDiscoverer/SCAN]: Found mod file "lrtactical-1.20.1-0.4.1.jar" of type MOD with provider {mods folder locator at C:\Users\maska\OneDrive\Desktop\BattlefieldMC_ModFiles\run\mods}
[17мая2026 02:15:16.309] [main/INFO] [net.minecraftforge.fml.loading.moddiscovery.ModDiscoverer/SCAN]: Found mod file "maxstuff-1.8.1.jar" of type MOD with provider {mods folder locator at C:\Users\maska\OneDrive\Desktop\BattlefieldMC_ModFiles\run\mods}
[17мая2026 02:15:16.309] [main/INFO] [net.minecraftforge.fml.loading.moddiscovery.ModDiscoverer/SCAN]: Found mod file "Searchables-forge-1.20.1-1.0.3.jar" of type MOD with provider {mods folder locator at C:\Users\maska\OneDrive\Desktop\BattlefieldMC_ModFiles\run\mods}
[17мая2026 02:15:16.309] [main/INFO] [net.minecraftforge.fml.loading.moddiscovery.ModDiscoverer/SCAN]: Found mod file "smokeleafindustry-0.4.7-1.20.1.jar" of type MOD with provider {mods folder locator at C:\Users\maska\OneDrive\Desktop\BattlefieldMC_ModFiles\run\mods}
[17мая2026 02:15:16.309] [main/INFO] [net.minecraftforge.fml.loading.moddiscovery.ModDiscoverer/SCAN]: Found mod file "superbwarfare-1.20.1-0.8.8-final-6a6b54795.jar" of type MOD with provider {mods folder locator at C:\Users\maska\OneDrive\Desktop\BattlefieldMC_ModFiles\run\mods}
[17мая2026 02:15:16.309] [main/INFO] [net.minecraftforge.fml.loading.moddiscovery.ModDiscoverer/SCAN]: Found mod file "tacticalmovement-1.0.0.jar" of type MOD with provider {mods folder locator at C:\Users\maska\OneDrive\Desktop\BattlefieldMC_ModFiles\run\mods}
[17мая2026 02:15:16.310] [main/INFO] [net.minecraftforge.fml.loading.moddiscovery.ModDiscoverer/SCAN]: Found mod file "tacz-1.20.1-1.1.8-release.jar" of type MOD with provider {mods folder locator at C:\Users\maska\OneDrive\Desktop\BattlefieldMC_ModFiles\run\mods}
[17мая2026 02:15:16.310] [main/INFO] [net.minecraftforge.fml.loading.moddiscovery.ModDiscoverer/SCAN]: Found mod file "tacz-tweaks-2.14.0-all.jar" of type MOD with provider {mods folder locator at C:\Users\maska\OneDrive\Desktop\BattlefieldMC_ModFiles\run\mods}
[17мая2026 02:15:16.310] [main/INFO] [net.minecraftforge.fml.loading.moddiscovery.ModDiscoverer/SCAN]: Found mod file "TaczBulletImprovement-1.0.0.jar" of type MOD with provider {mods folder locator at C:\Users\maska\OneDrive\Desktop\BattlefieldMC_ModFiles\run\mods}
[17мая2026 02:15:16.310] [main/INFO] [net.minecraftforge.fml.loading.moddiscovery.ModDiscoverer/SCAN]: Found mod file "voicechat-forge-1.20.1-2.6.17.jar" of type MOD with provider {mods folder locator at C:\Users\maska\OneDrive\Desktop\BattlefieldMC_ModFiles\run\mods}
[17мая2026 02:15:16.311] [main/INFO] [net.minecraftforge.fml.loading.moddiscovery.ModDiscoverer/SCAN]: Found mod file "weather2-1.20.1-2.8.3.jar" of type MOD with provider {mods folder locator at C:\Users\maska\OneDrive\Desktop\BattlefieldMC_ModFiles\run\mods}
[17мая2026 02:15:16.311] [main/INFO] [net.minecraftforge.fml.loading.moddiscovery.ModDiscoverer/SCAN]: Found mod file "weather2_additions-2.4.jar" of type MOD with provider {mods folder locator at C:\Users\maska\OneDrive\Desktop\BattlefieldMC_ModFiles\run\mods}
[17мая2026 02:15:16.311] [main/INFO] [net.minecraftforge.fml.loading.moddiscovery.ModDiscoverer/SCAN]: Found mod file "worldedit-mod-7.2.15.jar" of type MOD with provider {mods folder locator at C:\Users\maska\OneDrive\Desktop\BattlefieldMC_ModFiles\run\mods}
[17мая2026 02:15:16.311] [main/INFO] [net.minecraftforge.fml.loading.moddiscovery.ModDiscoverer/SCAN]: Found mod file "worldedit_items-2.0-forge-1.20.1.jar" of type MOD with provider {mods folder locator at C:\Users\maska\OneDrive\Desktop\BattlefieldMC_ModFiles\run\mods}
[17мая2026 02:15:16.312] [main/INFO] [net.minecraftforge.fml.loading.moddiscovery.ModDiscoverer/SCAN]: Found mod file "yet_another_config_lib_v3-3.6.6+1.20.1-forge.jar" of type MOD with provider {mods folder locator at C:\Users\maska\OneDrive\Desktop\BattlefieldMC_ModFiles\run\mods}
[17мая2026 02:15:16.468] [main/WARN] [net.minecraftforge.fml.loading.moddiscovery.ModFileParser/LOADING]: Mod file C:\Users\maska\.gradle\caches\modules-2\files-2.1\net.neoforged.fancymodloader\language-lowcode\47.1.47\b9cb4bc84722dc99e902883f8ea5a952c0415d5c\language-lowcode-47.1.47.jar is missing mods.toml file
[17мая2026 02:15:16.472] [main/WARN] [net.minecraftforge.fml.loading.moddiscovery.ModFileParser/LOADING]: Mod file C:\Users\maska\.gradle\caches\modules-2\files-2.1\net.neoforged.fancymodloader\core\47.1.47\915a0dc36418f3c3bf74e56015d1cb79ef5430f0\core-47.1.47.jar is missing mods.toml file
[17мая2026 02:15:16.476] [main/WARN] [net.minecraftforge.fml.loading.moddiscovery.ModFileParser/LOADING]: Mod file C:\Users\maska\.gradle\caches\modules-2\files-2.1\net.neoforged.fancymodloader\language-minecraft\47.1.47\70c137579710b203f0220b80a90eff3db19b32a2\language-minecraft-47.1.47.jar is missing mods.toml file
[17мая2026 02:15:16.492] [main/WARN] [net.minecraftforge.fml.loading.moddiscovery.ModFileParser/LOADING]: Mod file C:\Users\maska\.gradle\caches\modules-2\files-2.1\net.neoforged.fancymodloader\language-java\47.1.47\9f5f057de5fea5106fca0df2b0faea12a85bc283\language-java-47.1.47.jar is missing mods.toml file
[17мая2026 02:15:16.502] [main/INFO] [net.minecraftforge.fml.loading.moddiscovery.ModDiscoverer/SCAN]: Found mod file "language-lowcode-47.1.47.jar" of type LANGPROVIDER with provider net.minecraftforge.fml.loading.moddiscovery.MinecraftLocator@963176
[17мая2026 02:15:16.502] [main/INFO] [net.minecraftforge.fml.loading.moddiscovery.ModDiscoverer/SCAN]: Found mod file "core-47.1.47.jar" of type LIBRARY with provider net.minecraftforge.fml.loading.moddiscovery.MinecraftLocator@963176
[17мая2026 02:15:16.502] [main/INFO] [net.minecraftforge.fml.loading.moddiscovery.ModDiscoverer/SCAN]: Found mod file "language-minecraft-47.1.47.jar" of type LANGPROVIDER with provider net.minecraftforge.fml.loading.moddiscovery.MinecraftLocator@963176
[17мая2026 02:15:16.502] [main/INFO] [net.minecraftforge.fml.loading.moddiscovery.ModDiscoverer/SCAN]: Found mod file "language-java-47.1.47.jar" of type LANGPROVIDER with provider net.minecraftforge.fml.loading.moddiscovery.MinecraftLocator@963176
[17мая2026 02:15:16.502] [main/INFO] [net.minecraftforge.fml.loading.moddiscovery.ModDiscoverer/SCAN]: Found mod file "forge-1.20.1-47.1.79.jar" of type MOD with provider net.minecraftforge.fml.loading.moddiscovery.MinecraftLocator@963176
[17мая2026 02:15:16.502] [main/INFO] [net.minecraftforge.fml.loading.moddiscovery.ModDiscoverer/SCAN]: Found mod file "main" of type MOD with provider net.minecraftforge.fml.loading.moddiscovery.MinecraftLocator@963176
[17мая2026 02:15:16.502] [main/INFO] [net.minecraftforge.fml.loading.moddiscovery.ModDiscoverer/SCAN]: Found mod file "" of type MOD with provider net.minecraftforge.fml.loading.moddiscovery.MinecraftLocator@963176
[17мая2026 02:15:16.534] [main/INFO] [net.minecraftforge.fml.loading.moddiscovery.ModDiscoverer/SCAN]: Found mod file "events-47.1.47.jar" of type GAMELIBRARY with provider net.minecraftforge.fml.loading.moddiscovery.BuiltinGameLibraryLocator@61799544
[17мая2026 02:15:16.943] [main/INFO] [net.minecraftforge.fml.loading.moddiscovery.JarInJarDependencyLocator/]: Found 22 dependencies adding them to mods collection
[17мая2026 02:15:16.945] [main/INFO] [net.minecraftforge.fml.loading.moddiscovery.ModDiscoverer/SCAN]: Found mod file "bcel-6.6.1.jar" of type GAMELIBRARY with provider net.minecraftforge.fml.loading.moddiscovery.JarInJarDependencyLocator@78de58ea
[17мая2026 02:15:16.945] [main/INFO] [net.minecraftforge.fml.loading.moddiscovery.ModDiscoverer/SCAN]: Found mod file "kfflang-4.12.0.jar" of type LANGPROVIDER with provider net.minecraftforge.fml.loading.moddiscovery.JarInJarDependencyLocator@78de58ea
[17мая2026 02:15:16.945] [main/INFO] [net.minecraftforge.fml.loading.moddiscovery.ModDiscoverer/SCAN]: Found mod file "luaj-jse-3.0.8-figura.jar" of type GAMELIBRARY with provider net.minecraftforge.fml.loading.moddiscovery.JarInJarDependencyLocator@78de58ea
[17мая2026 02:15:16.945] [main/INFO] [net.minecraftforge.fml.loading.moddiscovery.ModDiscoverer/SCAN]: Found mod file "luaj-core-3.0.8-figura.jar" of type GAMELIBRARY with provider net.minecraftforge.fml.loading.moddiscovery.JarInJarDependencyLocator@78de58ea
[17мая2026 02:15:16.945] [main/INFO] [net.minecraftforge.fml.loading.moddiscovery.ModDiscoverer/SCAN]: Found mod file "common-lang-3.12.0.jar" of type GAMELIBRARY with provider net.minecraftforge.fml.loading.moddiscovery.JarInJarDependencyLocator@78de58ea
[17мая2026 02:15:16.945] [main/INFO] [net.minecraftforge.fml.loading.moddiscovery.ModDiscoverer/SCAN]: Found mod file "MixinSquared-0.3.3.jar" of type GAMELIBRARY with provider net.minecraftforge.fml.loading.moddiscovery.JarInJarDependencyLocator@78de58ea
[17мая2026 02:15:16.945] [main/INFO] [net.minecraftforge.fml.loading.moddiscovery.ModDiscoverer/SCAN]: Found mod file "MixinExtras-0.5.0.jar" of type GAMELIBRARY with provider net.minecraftforge.fml.loading.moddiscovery.JarInJarDependencyLocator@78de58ea
[17мая2026 02:15:16.945] [main/INFO] [net.minecraftforge.fml.loading.moddiscovery.ModDiscoverer/SCAN]: Found mod file "mixinsquared-forge-0.3.3.jar" of type GAMELIBRARY with provider net.minecraftforge.fml.loading.moddiscovery.JarInJarDependencyLocator@78de58ea
[17мая2026 02:15:16.946] [main/INFO] [net.minecraftforge.fml.loading.moddiscovery.ModDiscoverer/SCAN]: Found mod file "mixinextras-forge-0.5.0.jar" of type GAMELIBRARY with provider net.minecraftforge.fml.loading.moddiscovery.JarInJarDependencyLocator@78de58ea
[17мая2026 02:15:16.946] [main/INFO] [net.minecraftforge.fml.loading.moddiscovery.ModDiscoverer/SCAN]: Found mod file "common-io-3.12.0.jar" of type GAMELIBRARY with provider net.minecraftforge.fml.loading.moddiscovery.JarInJarDependencyLocator@78de58ea
[17мая2026 02:15:16.946] [main/INFO] [net.minecraftforge.fml.loading.moddiscovery.ModDiscoverer/SCAN]: Found mod file "imageio-metadata-3.12.0.jar" of type GAMELIBRARY with provider net.minecraftforge.fml.loading.moddiscovery.JarInJarDependencyLocator@78de58ea
[17мая2026 02:15:16.946] [main/INFO] [net.minecraftforge.fml.loading.moddiscovery.ModDiscoverer/SCAN]: Found mod file "json-0.2.1.jar" of type GAMELIBRARY with provider net.minecraftforge.fml.loading.moddiscovery.JarInJarDependencyLocator@78de58ea
[17мая2026 02:15:16.946] [main/INFO] [net.minecraftforge.fml.loading.moddiscovery.ModDiscoverer/SCAN]: Found mod file "imageio-webp-3.12.0.jar" of type GAMELIBRARY with provider net.minecraftforge.fml.loading.moddiscovery.JarInJarDependencyLocator@78de58ea
[17мая2026 02:15:16.946] [main/INFO] [net.minecraftforge.fml.loading.moddiscovery.ModDiscoverer/SCAN]: Found mod file "kfflib-4.12.0.jar" of type GAMELIBRARY with provider net.minecraftforge.fml.loading.moddiscovery.JarInJarDependencyLocator@78de58ea
[17мая2026 02:15:16.946] [main/INFO] [net.minecraftforge.fml.loading.moddiscovery.ModDiscoverer/SCAN]: Found mod file "mclib-20.jar" of type GAMELIBRARY with provider net.minecraftforge.fml.loading.moddiscovery.JarInJarDependencyLocator@78de58ea
[17мая2026 02:15:16.946] [main/INFO] [net.minecraftforge.fml.loading.moddiscovery.ModDiscoverer/SCAN]: Found mod file "gson-0.2.1.jar" of type GAMELIBRARY with provider net.minecraftforge.fml.loading.moddiscovery.JarInJarDependencyLocator@78de58ea
[17мая2026 02:15:16.946] [main/INFO] [net.minecraftforge.fml.loading.moddiscovery.ModDiscoverer/SCAN]: Found mod file "kffmod-4.12.0.jar" of type MOD with provider net.minecraftforge.fml.loading.moddiscovery.JarInJarDependencyLocator@78de58ea
[17мая2026 02:15:16.946] [main/INFO] [net.minecraftforge.fml.loading.moddiscovery.ModDiscoverer/SCAN]: Found mod file "simplebedrockmodel-2.2.2-forge+mc1.20.1.jar" of type MOD with provider net.minecraftforge.fml.loading.moddiscovery.JarInJarDependencyLocator@78de58ea
[17мая2026 02:15:16.947] [main/INFO] [net.minecraftforge.fml.loading.moddiscovery.ModDiscoverer/SCAN]: Found mod file "commons-math3-3.6.1.jar" of type GAMELIBRARY with provider net.minecraftforge.fml.loading.moddiscovery.JarInJarDependencyLocator@78de58ea
[17мая2026 02:15:16.947] [main/INFO] [net.minecraftforge.fml.loading.moddiscovery.ModDiscoverer/SCAN]: Found mod file "mae-1.1.2.jar" of type GAMELIBRARY with provider net.minecraftforge.fml.loading.moddiscovery.JarInJarDependencyLocator@78de58ea
[17мая2026 02:15:16.947] [main/INFO] [net.minecraftforge.fml.loading.moddiscovery.ModDiscoverer/SCAN]: Found mod file "common-image-3.12.0.jar" of type GAMELIBRARY with provider net.minecraftforge.fml.loading.moddiscovery.JarInJarDependencyLocator@78de58ea
[17мая2026 02:15:16.947] [main/INFO] [net.minecraftforge.fml.loading.moddiscovery.ModDiscoverer/SCAN]: Found mod file "imageio-core-3.12.0.jar" of type GAMELIBRARY with provider net.minecraftforge.fml.loading.moddiscovery.JarInJarDependencyLocator@78de58ea
[17мая2026 02:15:19.394] [main/INFO] [mixin/]: Compatibility level set to JAVA_17
[17мая2026 02:15:19.485] [main/ERROR] [mixin/]: Mixin config yacl.mixins.json does not specify "minVersion" property
[17мая2026 02:15:19.502] [main/INFO] [cpw.mods.modlauncher.LaunchServiceHandler/MODLAUNCHER]: Launching target 'forgeserveruserdev' with arguments [--gameDir, ., --nogui]
[17мая2026 02:15:19.711] [main/WARN] [mixin/]: Reference map 'tacticalmovement.refmap.json' for tacticalmovement.mixins.json could not be read. If this is a development environment you can ignore this message
[17мая2026 02:15:19.769] [main/WARN] [mixin/]: Reference map 'fcp.refmap.json' for fcp.mixins.json could not be read. If this is a development environment you can ignore this message
[17мая2026 02:15:19.777] [main/WARN] [mixin/]: Reference map 'curiosable_ammo_box.refmap.json' for curios_for_ammo_box.mixins.json could not be read. If this is a development environment you can ignore this message
[17мая2026 02:15:19.784] [main/WARN] [mixin/]: Reference map 'curiosable_ammo_box.refmap.json' for curios_for_ammo_box.taczaddon.mixins.json could not be read. If this is a development environment you can ignore this message
[17мая2026 02:15:19.799] [main/WARN] [mixin/]: Reference map 'coroutil.refmap.json' for coroutil.mixins.json could not be read. If this is a development environment you can ignore this message
[17мая2026 02:15:19.858] [main/WARN] [mixin/]: Reference map 'maxstuff.refmap.json' for maxstuff.mixins.json could not be read. If this is a development environment you can ignore this message
[17мая2026 02:15:21.597] [main/INFO] [MixinExtras|Service/]: Initializing MixinExtras via com.llamalad7.mixinextras.service.MixinExtrasServiceImpl(version=0.5.0).
[17мая2026 02:15:23.222] [main/FATAL] [mixin/]: Mixin apply failed tacztweaks.mixins.json:features.bullet_interactions.BlockBehaviourMixin -> net.minecraft.world.level.block.state.BlockBehaviour: org.spongepowered.asm.mixin.injection.throwables.InvalidInjectionException Critical injection failure: @ModifyExpressionValue annotation on tacztweaks$getDestroyProgress$applyDestroySpeedModifier could not find any targets matching 'Lnet/minecraft/world/level/block/state/BlockBehaviour;m_5880_(Lnet/minecraft/world/level/block/state/BlockState;Lnet/minecraft/world/entity/player/Player;Lnet/minecraft/world/level/BlockGetter;Lnet/minecraft/core/BlockPos;)F' in net.minecraft.world.level.block.state.BlockBehaviour. Using refmap tacztweaks.refmap.json [PREINJECT Applicator Phase -> tacztweaks.mixins.json:features.bullet_interactions.BlockBehaviourMixin -> Prepare Injections ->  -> modifyExpressionValue$zzj000$tacztweaks$getDestroyProgress$applyDestroySpeedModifier(F)F -> Parse]
org.spongepowered.asm.mixin.injection.throwables.InvalidInjectionException: Critical injection failure: @ModifyExpressionValue annotation on tacztweaks$getDestroyProgress$applyDestroySpeedModifier could not find any targets matching 'Lnet/minecraft/world/level/block/state/BlockBehaviour;m_5880_(Lnet/minecraft/world/level/block/state/BlockState;Lnet/minecraft/world/entity/player/Player;Lnet/minecraft/world/level/BlockGetter;Lnet/minecraft/core/BlockPos;)F' in net.minecraft.world.level.block.state.BlockBehaviour. Using refmap tacztweaks.refmap.json [PREINJECT Applicator Phase -> tacztweaks.mixins.json:features.bullet_interactions.BlockBehaviourMixin -> Prepare Injections ->  -> modifyExpressionValue$zzj000$tacztweaks$getDestroyProgress$applyDestroySpeedModifier(F)F -> Parse]
	at org.spongepowered.asm.mixin.injection.struct.InjectionInfo.validateTargets(InjectionInfo.java:656) ~[mixin-0.8.5.jar:0.8.5+Jenkins-b310.git-155314e6e91465dad727e621a569906a410cd6f4]
	at org.spongepowered.asm.mixin.injection.struct.InjectionInfo.findTargets(InjectionInfo.java:587) ~[mixin-0.8.5.jar:0.8.5+Jenkins-b310.git-155314e6e91465dad727e621a569906a410cd6f4]
	at org.spongepowered.asm.mixin.injection.struct.InjectionInfo.readAnnotation(InjectionInfo.java:330) ~[mixin-0.8.5.jar:0.8.5+Jenkins-b310.git-155314e6e91465dad727e621a569906a410cd6f4]
	at org.spongepowered.asm.mixin.injection.struct.InjectionInfo.<init>(InjectionInfo.java:316) ~[mixin-0.8.5.jar:0.8.5+Jenkins-b310.git-155314e6e91465dad727e621a569906a410cd6f4]
	at org.spongepowered.asm.mixin.injection.struct.InjectionInfo.<init>(InjectionInfo.java:308) ~[mixin-0.8.5.jar:0.8.5+Jenkins-b310.git-155314e6e91465dad727e621a569906a410cd6f4]
	at com.llamalad7.mixinextras.injector.MixinExtrasInjectionInfo.<init>(MixinExtrasInjectionInfo.java:10) ~[MixinExtras-0.5.0.jar%23299!/:0.5.0]
	at com.llamalad7.mixinextras.injector.MixinExtrasLateInjectionInfo.<init>(MixinExtrasLateInjectionInfo.java:15) ~[MixinExtras-0.5.0.jar%23299!/:0.5.0]
	at com.llamalad7.mixinextras.injector.ModifyExpressionValueInjectionInfo.<init>(ModifyExpressionValueInjectionInfo.java:15) ~[MixinExtras-0.5.0.jar%23299!/:0.5.0]
	at jdk.internal.reflect.NativeConstructorAccessorImpl.newInstance0(Native Method) ~[?:?]
	at jdk.internal.reflect.NativeConstructorAccessorImpl.newInstance(NativeConstructorAccessorImpl.java:77) ~[?:?]
	at jdk.internal.reflect.DelegatingConstructorAccessorImpl.newInstance(DelegatingConstructorAccessorImpl.java:45) ~[?:?]
	at java.lang.reflect.Constructor.newInstanceWithCaller(Constructor.java:500) ~[?:?]
	at java.lang.reflect.Constructor.newInstance(Constructor.java:481) ~[?:?]
	at org.spongepowered.asm.mixin.injection.struct.InjectionInfo$InjectorEntry.create(InjectionInfo.java:149) ~[mixin-0.8.5.jar:0.8.5+Jenkins-b310.git-155314e6e91465dad727e621a569906a410cd6f4]
	at org.spongepowered.asm.mixin.injection.struct.InjectionInfo.parse(InjectionInfo.java:708) ~[mixin-0.8.5.jar:0.8.5+Jenkins-b310.git-155314e6e91465dad727e621a569906a410cd6f4]
	at org.spongepowered.asm.mixin.transformer.MixinTargetContext.prepareInjections(MixinTargetContext.java:1311) ~[mixin-0.8.5.jar:0.8.5+Jenkins-b310.git-155314e6e91465dad727e621a569906a410cd6f4]
	at org.spongepowered.asm.mixin.transformer.MixinApplicatorStandard.prepareInjections(MixinApplicatorStandard.java:1042) ~[mixin-0.8.5.jar:0.8.5+Jenkins-b310.git-155314e6e91465dad727e621a569906a410cd6f4]
	at org.spongepowered.asm.mixin.transformer.MixinApplicatorStandard.applyMixin(MixinApplicatorStandard.java:393) ~[mixin-0.8.5.jar:0.8.5+Jenkins-b310.git-155314e6e91465dad727e621a569906a410cd6f4]
	at org.spongepowered.asm.mixin.transformer.MixinApplicatorStandard.apply(MixinApplicatorStandard.java:325) ~[mixin-0.8.5.jar:0.8.5+Jenkins-b310.git-155314e6e91465dad727e621a569906a410cd6f4]
	at org.spongepowered.asm.mixin.transformer.TargetClassContext.apply(TargetClassContext.java:383) ~[mixin-0.8.5.jar:0.8.5+Jenkins-b310.git-155314e6e91465dad727e621a569906a410cd6f4]
	at org.spongepowered.asm.mixin.transformer.TargetClassContext.applyMixins(TargetClassContext.java:365) ~[mixin-0.8.5.jar:0.8.5+Jenkins-b310.git-155314e6e91465dad727e621a569906a410cd6f4]
	at org.spongepowered.asm.mixin.transformer.MixinProcessor.applyMixins(MixinProcessor.java:363) ~[mixin-0.8.5.jar:0.8.5+Jenkins-b310.git-155314e6e91465dad727e621a569906a410cd6f4]
	at org.spongepowered.asm.mixin.transformer.MixinTransformer.transformClass(MixinTransformer.java:250) ~[mixin-0.8.5.jar:0.8.5+Jenkins-b310.git-155314e6e91465dad727e621a569906a410cd6f4]
	at org.spongepowered.asm.service.modlauncher.MixinTransformationHandler.processClass(MixinTransformationHandler.java:131) ~[mixin-0.8.5.jar:0.8.5+Jenkins-b310.git-155314e6e91465dad727e621a569906a410cd6f4]
	at org.spongepowered.asm.launch.MixinLaunchPluginLegacy.processClass(MixinLaunchPluginLegacy.java:131) ~[mixin-0.8.5.jar:0.8.5+Jenkins-b310.git-155314e6e91465dad727e621a569906a410cd6f4]
	at cpw.mods.modlauncher.serviceapi.ILaunchPluginService.processClassWithFlags(ILaunchPluginService.java:156) ~[modlauncher-10.0.9.jar:10.0.9+10.0.9+main.dcd20f30]
	at cpw.mods.modlauncher.LaunchPluginHandler.offerClassNodeToPlugins(LaunchPluginHandler.java:88) ~[modlauncher-10.0.9.jar:?]
	at cpw.mods.modlauncher.ClassTransformer.transform(ClassTransformer.java:120) ~[modlauncher-10.0.9.jar:?]
	at cpw.mods.modlauncher.TransformingClassLoader.maybeTransformClassBytes(TransformingClassLoader.java:50) ~[modlauncher-10.0.9.jar:?]
	at cpw.mods.cl.ModuleClassLoader.readerToClass(ModuleClassLoader.java:113) ~[securejarhandler-2.1.10.jar:?]
	at cpw.mods.cl.ModuleClassLoader.lambda$findClass$15(ModuleClassLoader.java:219) ~[securejarhandler-2.1.10.jar:?]
	at cpw.mods.cl.ModuleClassLoader.loadFromModule(ModuleClassLoader.java:229) ~[securejarhandler-2.1.10.jar:?]
	at cpw.mods.cl.ModuleClassLoader.findClass(ModuleClassLoader.java:219) ~[securejarhandler-2.1.10.jar:?]
	at cpw.mods.cl.ModuleClassLoader.loadClass(ModuleClassLoader.java:135) ~[securejarhandler-2.1.10.jar:?]
	at java.lang.ClassLoader.loadClass(ClassLoader.java:525) ~[?:?]
	at java.lang.ClassLoader.defineClass1(Native Method) ~[?:?]
	at java.lang.ClassLoader.defineClass(ClassLoader.java:1017) ~[?:?]
	at cpw.mods.cl.ModuleClassLoader.readerToClass(ModuleClassLoader.java:119) ~[securejarhandler-2.1.10.jar:?]
	at cpw.mods.cl.ModuleClassLoader.lambda$findClass$15(ModuleClassLoader.java:219) ~[securejarhandler-2.1.10.jar:?]
	at cpw.mods.cl.ModuleClassLoader.loadFromModule(ModuleClassLoader.java:229) ~[securejarhandler-2.1.10.jar:?]
	at cpw.mods.cl.ModuleClassLoader.findClass(ModuleClassLoader.java:219) ~[securejarhandler-2.1.10.jar:?]
	at cpw.mods.cl.ModuleClassLoader.loadClass(ModuleClassLoader.java:135) ~[securejarhandler-2.1.10.jar:?]
	at java.lang.ClassLoader.loadClass(ClassLoader.java:525) ~[?:?]
	at net.minecraftforge.registries.GameData.init(GameData.java:105) ~[forge-1.20.1-47.1.79.jar:?]
	at net.minecraftforge.registries.GameData.<clinit>(GameData.java:90) ~[forge-1.20.1-47.1.79.jar:?]
	at net.minecraft.core.registries.BuiltInRegistries.forge(BuiltInRegistries.java:429) ~[forge-1.20.1-47.1.79.jar:?]
	at net.minecraft.core.registries.BuiltInRegistries.forge(BuiltInRegistries.java:409) ~[forge-1.20.1-47.1.79.jar:?]
	at net.minecraft.core.registries.BuiltInRegistries.<clinit>(BuiltInRegistries.java:121) ~[forge-1.20.1-47.1.79.jar:?]
	at net.minecraft.server.Bootstrap.bootStrap(Bootstrap.java:43) ~[forge-1.20.1-47.1.79.jar:?]
	at net.minecraft.server.Main.main(Main.java:121) ~[forge-1.20.1-47.1.79.jar:?]
	at jdk.internal.reflect.NativeMethodAccessorImpl.invoke0(Native Method) ~[?:?]
	at jdk.internal.reflect.NativeMethodAccessorImpl.invoke(NativeMethodAccessorImpl.java:77) ~[?:?]
	at jdk.internal.reflect.DelegatingMethodAccessorImpl.invoke(DelegatingMethodAccessorImpl.java:43) ~[?:?]
	at java.lang.reflect.Method.invoke(Method.java:569) ~[?:?]
	at net.minecraftforge.fml.loading.targets.CommonLaunchHandler.runTarget(CommonLaunchHandler.java:126) ~[loader-47.1.47.jar:47.1]
	at net.minecraftforge.fml.loading.targets.CommonLaunchHandler.serverService(CommonLaunchHandler.java:118) ~[loader-47.1.47.jar:47.1]
	at net.minecraftforge.fml.loading.targets.ForgeServerUserdevLaunchHandler.runService(ForgeServerUserdevLaunchHandler.java:16) ~[loader-47.1.47.jar:47.1]
	at net.minecraftforge.fml.loading.targets.CommonLaunchHandler.lambda$launchService$4(CommonLaunchHandler.java:108) ~[loader-47.1.47.jar:47.1]
	at cpw.mods.modlauncher.LaunchServiceHandlerDecorator.launch(LaunchServiceHandlerDecorator.java:30) ~[modlauncher-10.0.9.jar:?]
	at cpw.mods.modlauncher.LaunchServiceHandler.launch(LaunchServiceHandler.java:53) ~[modlauncher-10.0.9.jar:?]
	at cpw.mods.modlauncher.LaunchServiceHandler.launch(LaunchServiceHandler.java:71) ~[modlauncher-10.0.9.jar:?]
	at cpw.mods.modlauncher.Launcher.run(Launcher.java:108) ~[modlauncher-10.0.9.jar:?]
	at cpw.mods.modlauncher.Launcher.main(Launcher.java:78) ~[modlauncher-10.0.9.jar:?]
	at cpw.mods.modlauncher.BootstrapLaunchConsumer.accept(BootstrapLaunchConsumer.java:26) ~[modlauncher-10.0.9.jar:?]
	at cpw.mods.modlauncher.BootstrapLaunchConsumer.accept(BootstrapLaunchConsumer.java:23) ~[modlauncher-10.0.9.jar:?]
	at cpw.mods.bootstraplauncher.BootstrapLauncher.main(BootstrapLauncher.java:141) ~[bootstraplauncher-1.1.2.jar:?]
